This is pdfTeX, Version 3.141592653-2.6-1.40.27 (MiKTeX 25.4) (preloaded format=pdflatex 2025.5.10)  29 SEP 2025 18:35
entering extended mode
 restricted \write18 enabled.
 file:line:error style messages enabled.
 %&-line parsing enabled.
**c:/Users/Theodore/Desktop/Dessertation/Dessertation/main.tex
(c:/Users/Theodore/Desktop/Dessertation/Dessertation/main.tex
LaTeX2e <2024-11-01> patch level 2
L3 programming layer <2025-04-14>
(ntua-thesis.cls
Document Class: ntua-thesis 2020/01/21 1.0 LaTeX document class.
(D:\Programs\tex/latex/base\ifthen.sty
Package: ifthen 2024/03/16 v1.1e Standard LaTeX ifthen package (DPC)
) (D:\Programs\tex/latex/graphics\graphicx.sty
Package: graphicx 2021/09/16 v1.2d Enhanced LaTeX Graphics (DPC,SPQR)
 (D:\Programs\tex/latex/graphics\keyval.sty
Package: keyval 2022/05/29 v1.15 key=value parser (DPC)
\KV@toks@=\toks17
) (D:\Programs\tex/latex/graphics\graphics.sty
Package: graphics 2024/08/06 v1.4g Standard LaTeX Graphics (DPC,SPQR)
 (D:\Programs\tex/latex/graphics\trig.sty
Package: trig 2023/12/02 v1.11 sin cos tan (DPC)
) (D:\Programs\tex/latex/graphics-cfg\graphics.cfg
File: graphics.cfg 2016/06/04 v1.11 sample graphics configuration
)
Package graphics Info: Driver file: pdftex.def on input line 106.
 (D:\Programs\tex/latex/graphics-def\pdftex.def
File: pdftex.def 2024/04/13 v1.2c Graphics/color driver for pdftex
))
\Gin@req@height=\dimen146
\Gin@req@width=\dimen147
) (D:\Programs\tex/latex/fancyhdr\fancyhdr.sty
Package: fancyhdr 2025/02/07 v5.2 Extensive control of page headers and footers
\f@nch@headwidth=\skip49
\f@nch@offset@elh=\skip50
\f@nch@offset@erh=\skip51
\f@nch@offset@olh=\skip52
\f@nch@offset@orh=\skip53
\f@nch@offset@elf=\skip54
\f@nch@offset@erf=\skip55
\f@nch@offset@olf=\skip56
\f@nch@offset@orf=\skip57
\f@nch@height=\skip58
\f@nch@footalignment=\skip59
\f@nch@widthL=\skip60
\f@nch@widthC=\skip61
\f@nch@widthR=\skip62
\@temptokenb=\toks18
) (D:\Programs\tex/latex/base\book.cls
Document Class: book 2024/06/29 v1.4n Standard LaTeX document class
(D:\Programs\tex/latex/base\bk11.clo
File: bk11.clo 2024/06/29 v1.4n Standard LaTeX file (size option)
)
\c@part=\count272
\c@chapter=\count273
\c@section=\count274
\c@subsection=\count275
\c@subsubsection=\count276
\c@paragraph=\count277
\c@subparagraph=\count278
\c@figure=\count279
\c@table=\count280
\abovecaptionskip=\skip63
\belowcaptionskip=\skip64
\bibindent=\dimen148
) (D:\Programs\tex/generic/babel\babel.sty
Package: babel 2025/04/29 v25.8 The multilingual framework for pdfLaTeX, LuaLaTeX and XeLaTeX
\babel@savecnt=\count281
\U@D=\dimen149
\l@unhyphenated=\language79
 (D:\Programs\tex/generic/babel\txtbabel.def)
\bbl@readstream=\read2
\bbl@dirlevel=\count282

*************************************
* Local config file bblopts.cfg used
*
(D:\Programs\tex/latex/arabi\bblopts.cfg
File: bblopts.cfg 2005/09/08 v0.1 add Arabic and Farsi to "declared" options of babel
) (D:\Programs\tex/latex/babel-greek\greek.ldf
Language: greek 2023/10/13 1.15 Greek support for the babel system
 (D:\Programs\tex/generic/babel/locale/el\babel-greek.tex
Package babel Info: Importing font and identification data for greek
(babel)             from babel-el.ini. Reported on input line 11.
)
\bbl@monogreek=\count283
\bbl@polygreek=\count284
\bbl@ancientgreek=\count285
 (D:\Programs\tex/latex/greek-fontenc\lgrenc.def
File: lgrenc.def 2023-09-12 2.5 LGR Greek font encoding definitions
Now handling font encoding LGR ...
... processing UTF-8 mapping file for font encoding LGR
 (D:\Programs\tex/latex/greek-inputenc\lgrenc.dfu
File: lgrenc.dfu 2023-03-21 1.9 UTF-8 support for Greek
   defining Unicode char U+00A8 (decimal 168)
   defining Unicode char U+00AB (decimal 171)
   defining Unicode char U+00AF (decimal 175)
   defining Unicode char U+00B4 (decimal 180)
   defining Unicode char U+00B7 (decimal 183)
   defining Unicode char U+00BB (decimal 187)
   defining Unicode char U+0259 (decimal 601)
   defining Unicode char U+02D8 (decimal 728)
   defining Unicode char U+0374 (decimal 884)
   defining Unicode char U+0375 (decimal 885)
   defining Unicode char U+037A (decimal 890)
   defining Unicode char U+037E (decimal 894)
   defining Unicode char U+0384 (decimal 900)
   defining Unicode char U+0385 (decimal 901)
   defining Unicode char U+0386 (decimal 902)
   defining Unicode char U+0387 (decimal 903)
   defining Unicode char U+0388 (decimal 904)
   defining Unicode char U+0389 (decimal 905)
   defining Unicode char U+038A (decimal 906)
   defining Unicode char U+038C (decimal 908)
   defining Unicode char U+038E (decimal 910)
   defining Unicode char U+038F (decimal 911)
   defining Unicode char U+0390 (decimal 912)
   defining Unicode char U+0391 (decimal 913)
   defining Unicode char U+0392 (decimal 914)
   defining Unicode char U+0393 (decimal 915)
   defining Unicode char U+0394 (decimal 916)
   defining Unicode char U+0395 (decimal 917)
   defining Unicode char U+0396 (decimal 918)
   defining Unicode char U+0397 (decimal 919)
   defining Unicode char U+0398 (decimal 920)
   defining Unicode char U+0399 (decimal 921)
   defining Unicode char U+039A (decimal 922)
   defining Unicode char U+039B (decimal 923)
   defining Unicode char U+039C (decimal 924)
   defining Unicode char U+039D (decimal 925)
   defining Unicode char U+039E (decimal 926)
   defining Unicode char U+039F (decimal 927)
   defining Unicode char U+03A0 (decimal 928)
   defining Unicode char U+03A1 (decimal 929)
   defining Unicode char U+03A3 (decimal 931)
   defining Unicode char U+03A4 (decimal 932)
   defining Unicode char U+03A5 (decimal 933)
   defining Unicode char U+03A6 (decimal 934)
   defining Unicode char U+03A7 (decimal 935)
   defining Unicode char U+03A8 (decimal 936)
   defining Unicode char U+03A9 (decimal 937)
   defining Unicode char U+03AA (decimal 938)
   defining Unicode char U+03AB (decimal 939)
   defining Unicode char U+03AC (decimal 940)
   defining Unicode char U+03AD (decimal 941)
   defining Unicode char U+03AE (decimal 942)
   defining Unicode char U+03AF (decimal 943)
   defining Unicode char U+03B0 (decimal 944)
   defining Unicode char U+03B1 (decimal 945)
   defining Unicode char U+03B2 (decimal 946)
   defining Unicode char U+03B3 (decimal 947)
   defining Unicode char U+03B4 (decimal 948)
   defining Unicode char U+03B5 (decimal 949)
   defining Unicode char U+03B6 (decimal 950)
   defining Unicode char U+03B7 (decimal 951)
   defining Unicode char U+03B8 (decimal 952)
   defining Unicode char U+03B9 (decimal 953)
   defining Unicode char U+03BA (decimal 954)
   defining Unicode char U+03BB (decimal 955)
   defining Unicode char U+03BC (decimal 956)
   defining Unicode char U+03BD (decimal 957)
   defining Unicode char U+03BE (decimal 958)
   defining Unicode char U+03BF (decimal 959)
   defining Unicode char U+03C0 (decimal 960)
   defining Unicode char U+03C1 (decimal 961)
   defining Unicode char U+03C2 (decimal 962)
   defining Unicode char U+03C3 (decimal 963)
   defining Unicode char U+03C4 (decimal 964)
   defining Unicode char U+03C5 (decimal 965)
   defining Unicode char U+03C6 (decimal 966)
   defining Unicode char U+03C7 (decimal 967)
   defining Unicode char U+03C8 (decimal 968)
   defining Unicode char U+03C9 (decimal 969)
   defining Unicode char U+03CA (decimal 970)
   defining Unicode char U+03CB (decimal 971)
   defining Unicode char U+03CC (decimal 972)
   defining Unicode char U+03CD (decimal 973)
   defining Unicode char U+03CE (decimal 974)
   defining Unicode char U+03D0 (decimal 976)
   defining Unicode char U+03D1 (decimal 977)
   defining Unicode char U+03D5 (decimal 981)
   defining Unicode char U+03D6 (decimal 982)
   defining Unicode char U+03D8 (decimal 984)
   defining Unicode char U+03D9 (decimal 985)
   defining Unicode char U+03DA (decimal 986)
   defining Unicode char U+03DB (decimal 987)
   defining Unicode char U+03DC (decimal 988)
   defining Unicode char U+03DD (decimal 989)
   defining Unicode char U+03DE (decimal 990)
   defining Unicode char U+03DF (decimal 991)
   defining Unicode char U+03E0 (decimal 992)
   defining Unicode char U+03E1 (decimal 993)
   defining Unicode char U+03F0 (decimal 1008)
   defining Unicode char U+03F1 (decimal 1009)
   defining Unicode char U+03F4 (decimal 1012)
   defining Unicode char U+03F5 (decimal 1013)
   defining Unicode char U+1F00 (decimal 7936)
   defining Unicode char U+1F01 (decimal 7937)
   defining Unicode char U+1F02 (decimal 7938)
   defining Unicode char U+1F03 (decimal 7939)
   defining Unicode char U+1F04 (decimal 7940)
   defining Unicode char U+1F05 (decimal 7941)
   defining Unicode char U+1F06 (decimal 7942)
   defining Unicode char U+1F07 (decimal 7943)
   defining Unicode char U+1F08 (decimal 7944)
   defining Unicode char U+1F09 (decimal 7945)
   defining Unicode char U+1F0A (decimal 7946)
   defining Unicode char U+1F0B (decimal 7947)
   defining Unicode char U+1F0C (decimal 7948)
   defining Unicode char U+1F0D (decimal 7949)
   defining Unicode char U+1F0E (decimal 7950)
   defining Unicode char U+1F0F (decimal 7951)
   defining Unicode char U+1F10 (decimal 7952)
   defining Unicode char U+1F11 (decimal 7953)
   defining Unicode char U+1F12 (decimal 7954)
   defining Unicode char U+1F13 (decimal 7955)
   defining Unicode char U+1F14 (decimal 7956)
   defining Unicode char U+1F15 (decimal 7957)
   defining Unicode char U+1F18 (decimal 7960)
   defining Unicode char U+1F19 (decimal 7961)
   defining Unicode char U+1F1A (decimal 7962)
   defining Unicode char U+1F1B (decimal 7963)
   defining Unicode char U+1F1C (decimal 7964)
   defining Unicode char U+1F1D (decimal 7965)
   defining Unicode char U+1F20 (decimal 7968)
   defining Unicode char U+1F21 (decimal 7969)
   defining Unicode char U+1F22 (decimal 7970)
   defining Unicode char U+1F23 (decimal 7971)
   defining Unicode char U+1F24 (decimal 7972)
   defining Unicode char U+1F25 (decimal 7973)
   defining Unicode char U+1F26 (decimal 7974)
   defining Unicode char U+1F27 (decimal 7975)
   defining Unicode char U+1F28 (decimal 7976)
   defining Unicode char U+1F29 (decimal 7977)
   defining Unicode char U+1F2A (decimal 7978)
   defining Unicode char U+1F2B (decimal 7979)
   defining Unicode char U+1F2C (decimal 7980)
   defining Unicode char U+1F2D (decimal 7981)
   defining Unicode char U+1F2E (decimal 7982)
   defining Unicode char U+1F2F (decimal 7983)
   defining Unicode char U+1F30 (decimal 7984)
   defining Unicode char U+1F31 (decimal 7985)
   defining Unicode char U+1F32 (decimal 7986)
   defining Unicode char U+1F33 (decimal 7987)
   defining Unicode char U+1F34 (decimal 7988)
   defining Unicode char U+1F35 (decimal 7989)
   defining Unicode char U+1F36 (decimal 7990)
   defining Unicode char U+1F37 (decimal 7991)
   defining Unicode char U+1F38 (decimal 7992)
   defining Unicode char U+1F39 (decimal 7993)
   defining Unicode char U+1F3A (decimal 7994)
   defining Unicode char U+1F3B (decimal 7995)
   defining Unicode char U+1F3C (decimal 7996)
   defining Unicode char U+1F3D (decimal 7997)
   defining Unicode char U+1F3E (decimal 7998)
   defining Unicode char U+1F3F (decimal 7999)
   defining Unicode char U+1F40 (decimal 8000)
   defining Unicode char U+1F41 (decimal 8001)
   defining Unicode char U+1F42 (decimal 8002)
   defining Unicode char U+1F43 (decimal 8003)
   defining Unicode char U+1F44 (decimal 8004)
   defining Unicode char U+1F45 (decimal 8005)
   defining Unicode char U+1F48 (decimal 8008)
   defining Unicode char U+1F49 (decimal 8009)
   defining Unicode char U+1F4A (decimal 8010)
   defining Unicode char U+1F4B (decimal 8011)
   defining Unicode char U+1F4C (decimal 8012)
   defining Unicode char U+1F4D (decimal 8013)
   defining Unicode char U+1F50 (decimal 8016)
   defining Unicode char U+1F51 (decimal 8017)
   defining Unicode char U+1F52 (decimal 8018)
   defining Unicode char U+1F53 (decimal 8019)
   defining Unicode char U+1F54 (decimal 8020)
   defining Unicode char U+1F55 (decimal 8021)
   defining Unicode char U+1F56 (decimal 8022)
   defining Unicode char U+1F57 (decimal 8023)
   defining Unicode char U+1F59 (decimal 8025)
   defining Unicode char U+1F5B (decimal 8027)
   defining Unicode char U+1F5D (decimal 8029)
   defining Unicode char U+1F5F (decimal 8031)
   defining Unicode char U+1F60 (decimal 8032)
   defining Unicode char U+1F61 (decimal 8033)
   defining Unicode char U+1F62 (decimal 8034)
   defining Unicode char U+1F63 (decimal 8035)
   defining Unicode char U+1F64 (decimal 8036)
   defining Unicode char U+1F65 (decimal 8037)
   defining Unicode char U+1F66 (decimal 8038)
   defining Unicode char U+1F67 (decimal 8039)
   defining Unicode char U+1F68 (decimal 8040)
   defining Unicode char U+1F69 (decimal 8041)
   defining Unicode char U+1F6A (decimal 8042)
   defining Unicode char U+1F6B (decimal 8043)
   defining Unicode char U+1F6C (decimal 8044)
   defining Unicode char U+1F6D (decimal 8045)
   defining Unicode char U+1F6E (decimal 8046)
   defining Unicode char U+1F6F (decimal 8047)
   defining Unicode char U+1F70 (decimal 8048)
   defining Unicode char U+1F71 (decimal 8049)
   defining Unicode char U+1F72 (decimal 8050)
   defining Unicode char U+1F73 (decimal 8051)
   defining Unicode char U+1F74 (decimal 8052)
   defining Unicode char U+1F75 (decimal 8053)
   defining Unicode char U+1F76 (decimal 8054)
   defining Unicode char U+1F77 (decimal 8055)
   defining Unicode char U+1F78 (decimal 8056)
   defining Unicode char U+1F79 (decimal 8057)
   defining Unicode char U+1F7A (decimal 8058)
   defining Unicode char U+1F7B (decimal 8059)
   defining Unicode char U+1F7C (decimal 8060)
   defining Unicode char U+1F7D (decimal 8061)
   defining Unicode char U+1F80 (decimal 8064)
   defining Unicode char U+1F81 (decimal 8065)
   defining Unicode char U+1F82 (decimal 8066)
   defining Unicode char U+1F83 (decimal 8067)
   defining Unicode char U+1F84 (decimal 8068)
   defining Unicode char U+1F85 (decimal 8069)
   defining Unicode char U+1F86 (decimal 8070)
   defining Unicode char U+1F87 (decimal 8071)
   defining Unicode char U+1F88 (decimal 8072)
   defining Unicode char U+1F89 (decimal 8073)
   defining Unicode char U+1F8A (decimal 8074)
   defining Unicode char U+1F8B (decimal 8075)
   defining Unicode char U+1F8C (decimal 8076)
   defining Unicode char U+1F8D (decimal 8077)
   defining Unicode char U+1F8E (decimal 8078)
   defining Unicode char U+1F8F (decimal 8079)
   defining Unicode char U+1F90 (decimal 8080)
   defining Unicode char U+1F91 (decimal 8081)
   defining Unicode char U+1F92 (decimal 8082)
   defining Unicode char U+1F93 (decimal 8083)
   defining Unicode char U+1F94 (decimal 8084)
   defining Unicode char U+1F95 (decimal 8085)
   defining Unicode char U+1F96 (decimal 8086)
   defining Unicode char U+1F97 (decimal 8087)
   defining Unicode char U+1F98 (decimal 8088)
   defining Unicode char U+1F99 (decimal 8089)
   defining Unicode char U+1F9A (decimal 8090)
   defining Unicode char U+1F9B (decimal 8091)
   defining Unicode char U+1F9C (decimal 8092)
   defining Unicode char U+1F9D (decimal 8093)
   defining Unicode char U+1F9E (decimal 8094)
   defining Unicode char U+1F9F (decimal 8095)
   defining Unicode char U+1FA0 (decimal 8096)
   defining Unicode char U+1FA1 (decimal 8097)
   defining Unicode char U+1FA2 (decimal 8098)
   defining Unicode char U+1FA3 (decimal 8099)
   defining Unicode char U+1FA4 (decimal 8100)
   defining Unicode char U+1FA5 (decimal 8101)
   defining Unicode char U+1FA6 (decimal 8102)
   defining Unicode char U+1FA7 (decimal 8103)
   defining Unicode char U+1FA8 (decimal 8104)
   defining Unicode char U+1FA9 (decimal 8105)
   defining Unicode char U+1FAA (decimal 8106)
   defining Unicode char U+1FAB (decimal 8107)
   defining Unicode char U+1FAC (decimal 8108)
   defining Unicode char U+1FAD (decimal 8109)
   defining Unicode char U+1FAE (decimal 8110)
   defining Unicode char U+1FAF (decimal 8111)
   defining Unicode char U+1FB0 (decimal 8112)
   defining Unicode char U+1FB1 (decimal 8113)
   defining Unicode char U+1FB2 (decimal 8114)
   defining Unicode char U+1FB3 (decimal 8115)
   defining Unicode char U+1FB4 (decimal 8116)
   defining Unicode char U+1FB6 (decimal 8118)
   defining Unicode char U+1FB7 (decimal 8119)
   defining Unicode char U+1FB8 (decimal 8120)
   defining Unicode char U+1FB9 (decimal 8121)
   defining Unicode char U+1FBA (decimal 8122)
   defining Unicode char U+1FBB (decimal 8123)
   defining Unicode char U+1FBC (decimal 8124)
   defining Unicode char U+1FBD (decimal 8125)
   defining Unicode char U+1FBE (decimal 8126)
   defining Unicode char U+1FBF (decimal 8127)
   defining Unicode char U+1FC0 (decimal 8128)
   defining Unicode char U+1FC1 (decimal 8129)
   defining Unicode char U+1FC2 (decimal 8130)
   defining Unicode char U+1FC3 (decimal 8131)
   defining Unicode char U+1FC4 (decimal 8132)
   defining Unicode char U+1FC6 (decimal 8134)
   defining Unicode char U+1FC7 (decimal 8135)
   defining Unicode char U+1FC8 (decimal 8136)
   defining Unicode char U+1FC9 (decimal 8137)
   defining Unicode char U+1FCA (decimal 8138)
   defining Unicode char U+1FCB (decimal 8139)
   defining Unicode char U+1FCC (decimal 8140)
   defining Unicode char U+1FCD (decimal 8141)
   defining Unicode char U+1FCE (decimal 8142)
   defining Unicode char U+1FCF (decimal 8143)
   defining Unicode char U+1FD0 (decimal 8144)
   defining Unicode char U+1FD1 (decimal 8145)
   defining Unicode char U+1FD2 (decimal 8146)
   defining Unicode char U+1FD3 (decimal 8147)
   defining Unicode char U+1FD6 (decimal 8150)
   defining Unicode char U+1FD7 (decimal 8151)
   defining Unicode char U+1FD8 (decimal 8152)
   defining Unicode char U+1FD9 (decimal 8153)
   defining Unicode char U+1FDA (decimal 8154)
   defining Unicode char U+1FDB (decimal 8155)
   defining Unicode char U+1FDD (decimal 8157)
   defining Unicode char U+1FDE (decimal 8158)
   defining Unicode char U+1FDF (decimal 8159)
   defining Unicode char U+1FE0 (decimal 8160)
   defining Unicode char U+1FE1 (decimal 8161)
   defining Unicode char U+1FE2 (decimal 8162)
   defining Unicode char U+1FE3 (decimal 8163)
   defining Unicode char U+1FE4 (decimal 8164)
   defining Unicode char U+1FE5 (decimal 8165)
   defining Unicode char U+1FE6 (decimal 8166)
   defining Unicode char U+1FE7 (decimal 8167)
   defining Unicode char U+1FE8 (decimal 8168)
   defining Unicode char U+1FE9 (decimal 8169)
   defining Unicode char U+1FEA (decimal 8170)
   defining Unicode char U+1FEB (decimal 8171)
   defining Unicode char U+1FEC (decimal 8172)
   defining Unicode char U+1FED (decimal 8173)
   defining Unicode char U+1FEE (decimal 8174)
   defining Unicode char U+1FEF (decimal 8175)
   defining Unicode char U+1FF2 (decimal 8178)
   defining Unicode char U+1FF3 (decimal 8179)
   defining Unicode char U+1FF4 (decimal 8180)
   defining Unicode char U+1FF6 (decimal 8182)
   defining Unicode char U+1FF7 (decimal 8183)
   defining Unicode char U+1FF8 (decimal 8184)
   defining Unicode char U+1FF9 (decimal 8185)
   defining Unicode char U+1FFA (decimal 8186)
   defining Unicode char U+1FFB (decimal 8187)
   defining Unicode char U+1FFC (decimal 8188)
   defining Unicode char U+1FFD (decimal 8189)
   defining Unicode char U+1FFE (decimal 8190)
   defining Unicode char U+2013 (decimal 8211)
   defining Unicode char U+2014 (decimal 8212)
   defining Unicode char U+2018 (decimal 8216)
   defining Unicode char U+2019 (decimal 8217)
   defining Unicode char U+201A (decimal 8218)
   defining Unicode char U+2030 (decimal 8240)
   defining Unicode char U+2039 (decimal 8249)
   defining Unicode char U+203A (decimal 8250)
   defining Unicode char U+20AC (decimal 8364)
   defining Unicode char U+2126 (decimal 8486)
   defining Unicode char U+10144 (decimal 65860)
   defining Unicode char U+10145 (decimal 65861)
   defining Unicode char U+10146 (decimal 65862)
   defining Unicode char U+10147 (decimal 65863)
) (D:\Programs\tex/latex/greek-fontenc\greek-fontenc.def
File: greek-fontenc.def 2023-09-12 2.5 Common Greek font encoding definitions
))) (D:\Programs\tex/latex/babel-english\english.ldf
Language: english 2017/06/06 v3.3r English support from the babel system
 (D:\Programs\tex/generic/babel/locale/en\babel-english.tex
Package babel Info: Importing font and identification data for english
(babel)             from babel-en.ini. Reported on input line 11.
)
Package babel Info: Hyphen rules for 'canadian' set to \l@english
(babel)             (\language0). Reported on input line 102.
Package babel Info: Hyphen rules for 'australian' set to \l@ukenglish
(babel)             (\language73). Reported on input line 105.
Package babel Info: Hyphen rules for 'newzealand' set to \l@ukenglish
(babel)             (\language73). Reported on input line 108.
)) (D:\Programs\tex/latex/base\inputenc.sty
Package: inputenc 2024/02/08 v1.3d Input encoding file
\inpenc@prehook=\toks19
\inpenc@posthook=\toks20
) (D:\Programs\tex/latex/base\fontenc.sty
Package: fontenc 2021/04/29 v2.0v Standard LaTeX package
) (D:\Programs\tex/latex/varwidth\varwidth.sty
Package: varwidth 2009/03/30 ver 0.92;  Variable-width minipages
\@vwid@box=\box53
\sift@deathcycles=\count286
\@vwid@loff=\dimen150
\@vwid@roff=\dimen151
) (D:\Programs\tex/latex/xstring\xstring.sty (D:\Programs\tex/generic/xstring\xstring.tex
\xs_counta=\count287
\xs_countb=\count288
)
Package: xstring 2023/08/22 v1.86 String manipulations (CT)
) (D:\Programs\tex/latex/tools\array.sty
Package: array 2024/10/17 v2.6g Tabular extension package (FMi)
\col@sep=\dimen152
\ar@mcellbox=\box54
\extrarowheight=\dimen153
\NC@list=\toks21
\extratabsurround=\skip65
\backup@length=\skip66
\ar@cellbox=\box55
) (D:\Programs\tex/latex/calculator\calculator.sty
Package: calculator 2022/09/15 v.2.1
\cctr@lengtha=\dimen154
\cctr@lengthb=\dimen155
\cctr@epsilon=\dimen156
) (D:\Programs\tex/latex/url\url.sty
\Urlmuskip=\muskip17
Package: url 2013/09/16  ver 3.4  Verb mode for urls, etc.
) (D:\Programs\tex/latex/relsize\relsize.sty
Package: relsize 2013/03/29 ver 4.1
) (D:\Programs\tex/latex/newfloat\newfloat.sty
Package: newfloat 2023/10/01 v1.2 Defining new floating environments (AR)
Package newfloat Info: Document class `book' detected (original).
)
Package newfloat Info: New float `illustration' with options ` fileext=loi, name=Eik'ona, placement=tbhp, within=chapter, ' on input line 625.
\c@illustration=\count289
\newfloat@ftype=\count290
Package newfloat Info: float type `illustration'=8 on input line 625.
 (D:\Programs\tex/latex/amsmath\amsmath.sty
Package: amsmath 2024/11/05 v2.17t AMS math features
\@mathmargin=\skip67

For additional information on amsmath, use the `?' option.
(D:\Programs\tex/latex/amsmath\amstext.sty
Package: amstext 2021/08/26 v2.01 AMS text
 (D:\Programs\tex/latex/amsmath\amsgen.sty
File: amsgen.sty 1999/11/30 v2.0 generic functions
\@emptytoks=\toks22
\ex@=\dimen157
)) (D:\Programs\tex/latex/amsmath\amsbsy.sty
Package: amsbsy 1999/11/29 v1.2d Bold Symbols
\pmbraise@=\dimen158
) (D:\Programs\tex/latex/amsmath\amsopn.sty
Package: amsopn 2022/04/08 v2.04 operator names
)
\inf@bad=\count291
LaTeX Info: Redefining \frac on input line 233.
\uproot@=\count292
\leftroot@=\count293
LaTeX Info: Redefining \overline on input line 398.
LaTeX Info: Redefining \colon on input line 409.
\classnum@=\count294
\DOTSCASE@=\count295
LaTeX Info: Redefining \ldots on input line 495.
LaTeX Info: Redefining \dots on input line 498.
LaTeX Info: Redefining \cdots on input line 619.
\Mathstrutbox@=\box56
\strutbox@=\box57
LaTeX Info: Redefining \big on input line 721.
LaTeX Info: Redefining \Big on input line 722.
LaTeX Info: Redefining \bigg on input line 723.
LaTeX Info: Redefining \Bigg on input line 724.
\big@size=\dimen159
LaTeX Font Info:    Redeclaring font encoding OML on input line 742.
LaTeX Font Info:    Redeclaring font encoding OMS on input line 743.
\macc@depth=\count296
LaTeX Info: Redefining \bmod on input line 904.
LaTeX Info: Redefining \pmod on input line 909.
LaTeX Info: Redefining \smash on input line 939.
LaTeX Info: Redefining \relbar on input line 969.
LaTeX Info: Redefining \Relbar on input line 970.
\c@MaxMatrixCols=\count297
\dotsspace@=\muskip18
\c@parentequation=\count298
\dspbrk@lvl=\count299
\tag@help=\toks23
\row@=\count300
\column@=\count301
\maxfields@=\count302
\andhelp@=\toks24
\eqnshift@=\dimen160
\alignsep@=\dimen161
\tagshift@=\dimen162
\tagwidth@=\dimen163
\totwidth@=\dimen164
\lineht@=\dimen165
\@envbody=\toks25
\multlinegap=\skip68
\multlinetaggap=\skip69
\mathdisplay@stack=\toks26
LaTeX Info: Redefining \[ on input line 2953.
LaTeX Info: Redefining \] on input line 2954.
) (D:\Programs\tex/latex/amscls\amsthm.sty
Package: amsthm 2020/05/29 v2.20.6
\thm@style=\toks27
\thm@bodyfont=\toks28
\thm@headfont=\toks29
\thm@notefont=\toks30
\thm@headpunct=\toks31
\thm@preskip=\skip70
\thm@postskip=\skip71
\thm@headsep=\skip72
\dth@everypar=\toks32
) (D:\Programs\tex/latex/amsfonts\amssymb.sty
Package: amssymb 2013/01/14 v3.01 AMS font symbols
 (D:\Programs\tex/latex/amsfonts\amsfonts.sty
Package: amsfonts 2013/01/14 v3.01 Basic AMSFonts support
\symAMSa=\mathgroup4
\symAMSb=\mathgroup5
LaTeX Font Info:    Redeclaring math symbol \hbar on input line 98.
LaTeX Font Info:    Overwriting math alphabet `\mathfrak' in version `bold'
(Font)                  U/euf/m/n --> U/euf/b/n on input line 106.
)) (D:\Programs\tex/latex/kerkis\kmath.sty (D:\Programs\tex/latex/txfonts\txfonts.sty
Package: txfonts 2008/01/22 v3.2.1
LaTeX Font Info:    Redeclaring symbol font `operators' on input line 21.
LaTeX Font Info:    Overwriting symbol font `operators' in version `normal'
(Font)                  OT1/cmr/m/n --> OT1/txr/m/n on input line 21.
LaTeX Font Info:    Overwriting symbol font `operators' in version `bold'
(Font)                  OT1/cmr/bx/n --> OT1/txr/m/n on input line 21.
LaTeX Font Info:    Overwriting symbol font `operators' in version `bold'
(Font)                  OT1/txr/m/n --> OT1/txr/bx/n on input line 22.
\symitalic=\mathgroup6
LaTeX Font Info:    Overwriting symbol font `italic' in version `bold'
(Font)                  OT1/txr/m/it --> OT1/txr/bx/it on input line 26.
LaTeX Font Info:    Redeclaring math alphabet \mathbf on input line 29.
LaTeX Font Info:    Overwriting math alphabet `\mathbf' in version `normal'
(Font)                  OT1/cmr/bx/n --> OT1/txr/bx/n on input line 29.
LaTeX Font Info:    Overwriting math alphabet `\mathbf' in version `bold'
(Font)                  OT1/cmr/bx/n --> OT1/txr/bx/n on input line 29.
LaTeX Font Info:    Redeclaring math alphabet \mathit on input line 30.
LaTeX Font Info:    Overwriting math alphabet `\mathit' in version `normal'
(Font)                  OT1/cmr/m/it --> OT1/txr/m/it on input line 30.
LaTeX Font Info:    Overwriting math alphabet `\mathit' in version `bold'
(Font)                  OT1/cmr/bx/it --> OT1/txr/m/it on input line 30.
LaTeX Font Info:    Overwriting math alphabet `\mathit' in version `bold'
(Font)                  OT1/txr/m/it --> OT1/txr/bx/it on input line 31.
LaTeX Font Info:    Redeclaring math alphabet \mathsf on input line 40.
LaTeX Font Info:    Overwriting math alphabet `\mathsf' in version `normal'
(Font)                  OT1/cmss/m/n --> OT1/txss/m/n on input line 40.
LaTeX Font Info:    Overwriting math alphabet `\mathsf' in version `bold'
(Font)                  OT1/cmss/bx/n --> OT1/txss/m/n on input line 40.
LaTeX Font Info:    Overwriting math alphabet `\mathsf' in version `bold'
(Font)                  OT1/txss/m/n --> OT1/txss/b/n on input line 41.
LaTeX Font Info:    Redeclaring math alphabet \mathtt on input line 50.
LaTeX Font Info:    Overwriting math alphabet `\mathtt' in version `normal'
(Font)                  OT1/cmtt/m/n --> OT1/txtt/m/n on input line 50.
LaTeX Font Info:    Overwriting math alphabet `\mathtt' in version `bold'
(Font)                  OT1/cmtt/m/n --> OT1/txtt/m/n on input line 50.
LaTeX Font Info:    Overwriting math alphabet `\mathtt' in version `bold'
(Font)                  OT1/txtt/m/n --> OT1/txtt/b/n on input line 51.
LaTeX Font Info:    Redeclaring symbol font `letters' on input line 58.
LaTeX Font Info:    Overwriting symbol font `letters' in version `normal'
(Font)                  OML/cmm/m/it --> OML/txmi/m/it on input line 58.
LaTeX Font Info:    Overwriting symbol font `letters' in version `bold'
(Font)                  OML/cmm/b/it --> OML/txmi/m/it on input line 58.
LaTeX Font Info:    Overwriting symbol font `letters' in version `bold'
(Font)                  OML/txmi/m/it --> OML/txmi/bx/it on input line 59.
\symlettersA=\mathgroup7
LaTeX Font Info:    Overwriting symbol font `lettersA' in version `bold'
(Font)                  U/txmia/m/it --> U/txmia/bx/it on input line 67.
LaTeX Font Info:    Redeclaring math alphabet \mathfrak on input line 70.
LaTeX Font Info:    Redeclaring symbol font `symbols' on input line 77.
LaTeX Font Info:    Overwriting symbol font `symbols' in version `normal'
(Font)                  OMS/cmsy/m/n --> OMS/txsy/m/n on input line 77.
LaTeX Font Info:    Overwriting symbol font `symbols' in version `bold'
(Font)                  OMS/cmsy/b/n --> OMS/txsy/m/n on input line 77.
LaTeX Font Info:    Overwriting symbol font `symbols' in version `bold'
(Font)                  OMS/txsy/m/n --> OMS/txsy/bx/n on input line 78.
LaTeX Font Info:    Redeclaring symbol font `AMSa' on input line 93.
LaTeX Font Info:    Overwriting symbol font `AMSa' in version `normal'
(Font)                  U/msa/m/n --> U/txsya/m/n on input line 93.
LaTeX Font Info:    Overwriting symbol font `AMSa' in version `bold'
(Font)                  U/msa/m/n --> U/txsya/m/n on input line 93.
LaTeX Font Info:    Overwriting symbol font `AMSa' in version `bold'
(Font)                  U/txsya/m/n --> U/txsya/bx/n on input line 94.
LaTeX Font Info:    Redeclaring symbol font `AMSb' on input line 102.
LaTeX Font Info:    Overwriting symbol font `AMSb' in version `normal'
(Font)                  U/msb/m/n --> U/txsyb/m/n on input line 102.
LaTeX Font Info:    Overwriting symbol font `AMSb' in version `bold'
(Font)                  U/msb/m/n --> U/txsyb/m/n on input line 102.
LaTeX Font Info:    Overwriting symbol font `AMSb' in version `bold'
(Font)                  U/txsyb/m/n --> U/txsyb/bx/n on input line 103.
\symsymbolsC=\mathgroup8
LaTeX Font Info:    Overwriting symbol font `symbolsC' in version `bold'
(Font)                  U/txsyc/m/n --> U/txsyc/bx/n on input line 113.
LaTeX Font Info:    Redeclaring symbol font `largesymbols' on input line 120.
LaTeX Font Info:    Overwriting symbol font `largesymbols' in version `normal'
(Font)                  OMX/cmex/m/n --> OMX/txex/m/n on input line 120.
LaTeX Font Info:    Overwriting symbol font `largesymbols' in version `bold'
(Font)                  OMX/cmex/m/n --> OMX/txex/m/n on input line 120.
LaTeX Font Info:    Overwriting symbol font `largesymbols' in version `bold'
(Font)                  OMX/txex/m/n --> OMX/txex/bx/n on input line 121.
\symlargesymbolsA=\mathgroup9
LaTeX Font Info:    Overwriting symbol font `largesymbolsA' in version `bold'
(Font)                  U/txexa/m/n --> U/txexa/bx/n on input line 129.
LaTeX Font Info:    Redeclaring math symbol \mathsterling on input line 164.
LaTeX Info: Redefining \not on input line 1043.
LaTeX Info: Redefining \textsquare on input line 1063.
LaTeX Info: Redefining \openbox on input line 1064.
)
LaTeX Font Info:    Redeclaring symbol font `letters' on input line 3.
LaTeX Font Info:    Overwriting symbol font `letters' in version `normal'
(Font)                  OML/txmi/m/it --> OML/mak/m/it on input line 3.
LaTeX Font Info:    Overwriting symbol font `letters' in version `bold'
(Font)                  OML/txmi/bx/it --> OML/mak/m/it on input line 3.
LaTeX Font Info:    Overwriting symbol font `letters' in version `bold'
(Font)                  OML/mak/m/it --> OML/mak/b/it on input line 4.
\symkerkisnumbers=\mathgroup10
LaTeX Font Info:    Overwriting symbol font `letters' in version `bold'
(Font)                  OML/mak/b/it --> OML/mak/b/it on input line 10.
LaTeX Font Info:    Overwriting math alphabet `\mathrm' in version `normal'
(Font)                  OT1/txr/m/n --> T1/txr/m/n on input line 21.
LaTeX Font Info:    Overwriting math alphabet `\mathbf' in version `normal'
(Font)                  OT1/txr/bx/n --> T1/txr/b/n on input line 22.
LaTeX Font Info:    Overwriting math alphabet `\mathit' in version `normal'
(Font)                  OT1/txr/m/it --> T1/txr/m/it on input line 23.
LaTeX Font Info:    Overwriting math alphabet `\mathsf' in version `normal'
(Font)                  OT1/txss/m/n --> T1/txss/m/n on input line 24.
LaTeX Font Info:    Overwriting math alphabet `\mathtt' in version `normal'
(Font)                  OT1/txtt/m/n --> T1/txtt/m/n on input line 25.
) (D:\Programs\tex/latex/kerkis\kerkis.sty
File: kerkis.sty 2000/02/25 v1.5 Package `kerkis.sty'
   *********************************************** ******** Loading The Kerkis FontFamily ******** ********** Department of Mathematics ********** *********** University of the Aegean ********** ***********************************************
LaTeX Info: Redefining \LaTeX on input line 156.
LaTeX Info: Redefining \LaTeXe on input line 166.
) (D:\Programs\tex/latex/bera\beramono.sty
Package: beramono 2004/01/31 (WaS)
) LaTeX Warning: (ntua_thesis.cls): The "noindex" option has been selected. Index generation has been disabled. To allow index generation, please remove the "noindex" option.
 
(D:\Programs\tex/latex/hyperref\hyperref.sty
Package: hyperref 2024-11-05 v7.01l Hypertext links for LaTeX
 (D:\Programs\tex/generic/iftex\iftex.sty
Package: iftex 2024/12/12 v1.0g TeX engine tests
) (D:\Programs\tex/latex/kvsetkeys\kvsetkeys.sty
Package: kvsetkeys 2022-10-05 v1.19 Key value parser (HO)
) (D:\Programs\tex/generic/kvdefinekeys\kvdefinekeys.sty
Package: kvdefinekeys 2019-12-19 v1.6 Define keys (HO)
) (D:\Programs\tex/generic/pdfescape\pdfescape.sty
Package: pdfescape 2019/12/09 v1.15 Implements pdfTeX's escape features (HO)
 (D:\Programs\tex/generic/ltxcmds\ltxcmds.sty
Package: ltxcmds 2023-12-04 v1.26 LaTeX kernel commands for general use (HO)
) (D:\Programs\tex/generic/pdftexcmds\pdftexcmds.sty
Package: pdftexcmds 2020-06-27 v0.33 Utility functions of pdfTeX for LuaTeX (HO)
 (D:\Programs\tex/generic/infwarerr\infwarerr.sty
Package: infwarerr 2019/12/03 v1.5 Providing info/warning/error messages (HO)
)
Package pdftexcmds Info: \pdf@primitive is available.
Package pdftexcmds Info: \pdf@ifprimitive is available.
Package pdftexcmds Info: \pdfdraftmode found.
)) (D:\Programs\tex/latex/hycolor\hycolor.sty
Package: hycolor 2020-01-27 v1.10 Color options for hyperref/bookmark (HO)
) (D:\Programs\tex/latex/hyperref\nameref.sty
Package: nameref 2023-11-26 v2.56 Cross-referencing by name of section
 (D:\Programs\tex/latex/refcount\refcount.sty
Package: refcount 2019/12/15 v3.6 Data extraction from label references (HO)
) (D:\Programs\tex/generic/gettitlestring\gettitlestring.sty
Package: gettitlestring 2019/12/15 v1.6 Cleanup title references (HO)
 (D:\Programs\tex/latex/kvoptions\kvoptions.sty
Package: kvoptions 2022-06-15 v3.15 Key value format for package options (HO)
))
\c@section@level=\count303
) (D:\Programs\tex/latex/etoolbox\etoolbox.sty
Package: etoolbox 2025/02/11 v2.5l e-TeX tools for LaTeX (JAW)
\etb@tempcnta=\count304
) (D:\Programs\tex/generic/stringenc\stringenc.sty
Package: stringenc 2019/11/29 v1.12 Convert strings between diff. encodings (HO)
)
\@linkdim=\dimen166
\Hy@linkcounter=\count305
\Hy@pagecounter=\count306
 (D:\Programs\tex/latex/hyperref\pd1enc.def
File: pd1enc.def 2024-11-05 v7.01l Hyperref: PDFDocEncoding definition (HO)
Now handling font encoding PD1 ...
... no UTF-8 mapping file for font encoding PD1
) (D:\Programs\tex/generic/intcalc\intcalc.sty
Package: intcalc 2019/12/15 v1.3 Expandable calculations with integers (HO)
)
\Hy@SavedSpaceFactor=\count307
 (D:\Programs\tex/latex/hyperref\puenc.def
File: puenc.def 2024-11-05 v7.01l Hyperref: PDF Unicode definition (HO)
Now handling font encoding PU ...
... no UTF-8 mapping file for font encoding PU
 (D:\Programs\tex/latex/greek-fontenc\puenc-greek.def
File: puenc-greek.def 2023-09-12 2.5 Greek LICRs for PDF strings
 (D:\Programs\tex/latex/greek-fontenc\greek-fontenc.def
File: greek-fontenc.def 2023-09-12 2.5 Common Greek font encoding definitions
)))
Package hyperref Info: Option `unicode' set `true' on input line 4040.
Package hyperref Info: Hyper figures OFF on input line 4157.
Package hyperref Info: Link nesting OFF on input line 4162.
Package hyperref Info: Hyper index ON on input line 4165.
Package hyperref Info: Plain pages OFF on input line 4172.
Package hyperref Info: Backreferencing OFF on input line 4177.
Package hyperref Info: Implicit mode ON; LaTeX internals redefined.
Package hyperref Info: Bookmarks ON on input line 4424.
\c@Hy@tempcnt=\count308
LaTeX Info: Redefining \url on input line 4763.
\XeTeXLinkMargin=\dimen167
 (D:\Programs\tex/generic/bitset\bitset.sty
Package: bitset 2019/12/09 v1.3 Handle bit-vector datatype (HO)
 (D:\Programs\tex/generic/bigintcalc\bigintcalc.sty
Package: bigintcalc 2019/12/15 v1.5 Expandable calculations on big integers (HO)
))
\Fld@menulength=\count309
\Field@Width=\dimen168
\Fld@charsize=\dimen169
Package hyperref Info: Hyper figures OFF on input line 6042.
Package hyperref Info: Link nesting OFF on input line 6047.
Package hyperref Info: Hyper index ON on input line 6050.
Package hyperref Info: backreferencing OFF on input line 6057.
Package hyperref Info: Link coloring OFF on input line 6062.
Package hyperref Info: Link coloring with OCG OFF on input line 6067.
Package hyperref Info: PDF/A mode OFF on input line 6072.
 (D:\Programs\tex/latex/base\atbegshi-ltx.sty
Package: atbegshi-ltx 2021/01/10 v1.0c Emulation of the original atbegshi
package with kernel methods
)
\Hy@abspage=\count310
\c@Item=\count311
\c@Hfootnote=\count312
)
Package hyperref Info: Driver (autodetected): hpdftex.
 (D:\Programs\tex/latex/hyperref\hpdftex.def
File: hpdftex.def 2024-11-05 v7.01l Hyperref driver for pdfTeX
 (D:\Programs\tex/latex/base\atveryend-ltx.sty
Package: atveryend-ltx 2020/08/19 v1.0a Emulation of the original atveryend package
with kernel methods
)
\Fld@listcount=\count313
\c@bookmark@seq@number=\count314
 (D:\Programs\tex/latex/rerunfilecheck\rerunfilecheck.sty
Package: rerunfilecheck 2022-07-10 v1.10 Rerun checks for auxiliary files (HO)
 (D:\Programs\tex/generic/uniquecounter\uniquecounter.sty
Package: uniquecounter 2019/12/15 v1.4 Provide unlimited unique counter (HO)
)
Package uniquecounter Info: New unique counter `rerunfilecheck' on input line 285.
)
\Hy@SectionHShift=\skip73
) (D:\Programs\tex/latex/bookmark\bookmark.sty
Package: bookmark 2023-12-10 v1.31 PDF bookmarks (HO)
 (D:\Programs\tex/latex/bookmark\bkm-pdftex.def
File: bkm-pdftex.def 2023-12-10 v1.31 bookmark driver for pdfTeX and luaTeX (HO)
\BKM@id=\count315
)) (D:\Programs\tex/latex/algorithms\algorithm.sty
Package: algorithm 2009/08/24 v0.1 Document Style `algorithm' - floating environment
 (D:\Programs\tex/latex/float\float.sty
Package: float 2001/11/08 v1.3d Float enhancements (AL)
\c@float@type=\count316
\float@exts=\toks33
\float@box=\box58
\@float@everytoks=\toks34
\@floatcapt=\box59
)
\@float@every@algorithm=\toks35
\c@algorithm=\count317
) (D:\Programs\tex/latex/algorithmicx\algorithmicx.sty
Package: algorithmicx 2005/04/27 v1.2 Algorithmicx

Document Style algorithmicx 1.2 - a greatly improved `algorithmic' style
\c@ALG@line=\count318
\c@ALG@rem=\count319
\c@ALG@nested=\count320
\ALG@tlm=\skip74
\ALG@thistlm=\skip75
\c@ALG@Lnr=\count321
\c@ALG@blocknr=\count322
\c@ALG@storecount=\count323
\c@ALG@tmpcounter=\count324
\ALG@tmplength=\skip76
) (D:\Programs\tex/latex/algorithmicx\algpseudocode.sty
Package: algpseudocode 

Document Style - pseudocode environments for use with the `algorithmicx' style
) (D:\Programs\tex/latex/listings\listings.sty
\lst@mode=\count325
\lst@gtempboxa=\box60
\lst@token=\toks36
\lst@length=\count326
\lst@currlwidth=\dimen170
\lst@column=\count327
\lst@pos=\count328
\lst@lostspace=\dimen171
\lst@width=\dimen172
\lst@newlines=\count329
\lst@lineno=\count330
\lst@maxwidth=\dimen173
 (D:\Programs\tex/latex/listings\lstpatch.sty
File: lstpatch.sty 2024/09/23 1.10c (Carsten Heinz)
) (D:\Programs\tex/latex/listings\lstmisc.sty
File: lstmisc.sty 2024/09/23 1.10c (Carsten Heinz)
\c@lstnumber=\count331
\lst@skipnumbers=\count332
\lst@framebox=\box61
) (D:\Programs\tex/latex/listings\listings.cfg
File: listings.cfg 2024/09/23 1.10c listings configuration
))
Package: listings 2024/09/23 1.10c (Carsten Heinz)
 (D:\Programs\tex/latex/pgf/frontendlayer\tikz.sty (D:\Programs\tex/latex/pgf/basiclayer\pgf.sty (D:\Programs\tex/latex/pgf/utilities\pgfrcs.sty (D:\Programs\tex/generic/pgf/utilities\pgfutil-common.tex
\pgfutil@everybye=\toks37
\pgfutil@tempdima=\dimen174
\pgfutil@tempdimb=\dimen175
) (D:\Programs\tex/generic/pgf/utilities\pgfutil-latex.def
\pgfutil@abb=\box62
) (D:\Programs\tex/generic/pgf/utilities\pgfrcs.code.tex (D:\Programs\tex/generic/pgf\pgf.revision.tex)
Package: pgfrcs 2023-01-15 v3.1.10 (3.1.10)
))
Package: pgf 2023-01-15 v3.1.10 (3.1.10)
 (D:\Programs\tex/latex/pgf/basiclayer\pgfcore.sty (D:\Programs\tex/latex/pgf/systemlayer\pgfsys.sty (D:\Programs\tex/generic/pgf/systemlayer\pgfsys.code.tex
Package: pgfsys 2023-01-15 v3.1.10 (3.1.10)
 (D:\Programs\tex/generic/pgf/utilities\pgfkeys.code.tex
\pgfkeys@pathtoks=\toks38
\pgfkeys@temptoks=\toks39
 (D:\Programs\tex/generic/pgf/utilities\pgfkeyslibraryfiltered.code.tex
\pgfkeys@tmptoks=\toks40
))
\pgf@x=\dimen176
\pgf@y=\dimen177
\pgf@xa=\dimen178
\pgf@ya=\dimen179
\pgf@xb=\dimen180
\pgf@yb=\dimen181
\pgf@xc=\dimen182
\pgf@yc=\dimen183
\pgf@xd=\dimen184
\pgf@yd=\dimen185
\w@pgf@writea=\write3
\r@pgf@reada=\read3
\c@pgf@counta=\count333
\c@pgf@countb=\count334
\c@pgf@countc=\count335
\c@pgf@countd=\count336
\t@pgf@toka=\toks41
\t@pgf@tokb=\toks42
\t@pgf@tokc=\toks43
\pgf@sys@id@count=\count337
 (D:\Programs\tex/generic/pgf/systemlayer\pgf.cfg
File: pgf.cfg 2023-01-15 v3.1.10 (3.1.10)
)
Driver file for pgf: pgfsys-pdftex.def
 (D:\Programs\tex/generic/pgf/systemlayer\pgfsys-pdftex.def
File: pgfsys-pdftex.def 2023-01-15 v3.1.10 (3.1.10)
 (D:\Programs\tex/generic/pgf/systemlayer\pgfsys-common-pdf.def
File: pgfsys-common-pdf.def 2023-01-15 v3.1.10 (3.1.10)
))) (D:\Programs\tex/generic/pgf/systemlayer\pgfsyssoftpath.code.tex
File: pgfsyssoftpath.code.tex 2023-01-15 v3.1.10 (3.1.10)
\pgfsyssoftpath@smallbuffer@items=\count338
\pgfsyssoftpath@bigbuffer@items=\count339
) (D:\Programs\tex/generic/pgf/systemlayer\pgfsysprotocol.code.tex
File: pgfsysprotocol.code.tex 2023-01-15 v3.1.10 (3.1.10)
)) (D:\Programs\tex/latex/xcolor\xcolor.sty
Package: xcolor 2024/09/29 v3.02 LaTeX color extensions (UK)
 (D:\Programs\tex/latex/graphics-cfg\color.cfg
File: color.cfg 2016/01/02 v1.6 sample color configuration
)

Package xcolor Warning: Package option `hyperref' is obsolete and ignored on input line 265.

Package xcolor Info: Driver file: pdftex.def on input line 274.
(D:\Programs\tex/latex/graphics\mathcolor.ltx)
Package xcolor Info: Model `cmy' substituted by `cmy0' on input line 1349.
Package xcolor Info: Model `hsb' substituted by `rgb' on input line 1353.
Package xcolor Info: Model `RGB' extended on input line 1365.
Package xcolor Info: Model `HTML' substituted by `rgb' on input line 1367.
Package xcolor Info: Model `Hsb' substituted by `hsb' on input line 1368.
Package xcolor Info: Model `tHsb' substituted by `hsb' on input line 1369.
Package xcolor Info: Model `HSB' substituted by `hsb' on input line 1370.
Package xcolor Info: Model `Gray' substituted by `gray' on input line 1371.
Package xcolor Info: Model `wave' substituted by `hsb' on input line 1372.
) (D:\Programs\tex/generic/pgf/basiclayer\pgfcore.code.tex
Package: pgfcore 2023-01-15 v3.1.10 (3.1.10)
 (D:\Programs\tex/generic/pgf/math\pgfmath.code.tex (D:\Programs\tex/generic/pgf/math\pgfmathutil.code.tex) (D:\Programs\tex/generic/pgf/math\pgfmathparser.code.tex
\pgfmath@dimen=\dimen186
\pgfmath@count=\count340
\pgfmath@box=\box63
\pgfmath@toks=\toks44
\pgfmath@stack@operand=\toks45
\pgfmath@stack@operation=\toks46
) (D:\Programs\tex/generic/pgf/math\pgfmathfunctions.code.tex) (D:\Programs\tex/generic/pgf/math\pgfmathfunctions.basic.code.tex) (D:\Programs\tex/generic/pgf/math\pgfmathfunctions.trigonometric.code.tex) (D:\Programs\tex/generic/pgf/math\pgfmathfunctions.random.code.tex) (D:\Programs\tex/generic/pgf/math\pgfmathfunctions.comparison.code.tex) (D:\Programs\tex/generic/pgf/math\pgfmathfunctions.base.code.tex) (D:\Programs\tex/generic/pgf/math\pgfmathfunctions.round.code.tex) (D:\Programs\tex/generic/pgf/math\pgfmathfunctions.misc.code.tex) (D:\Programs\tex/generic/pgf/math\pgfmathfunctions.integerarithmetics.code.tex) (D:\Programs\tex/generic/pgf/math\pgfmathcalc.code.tex) (D:\Programs\tex/generic/pgf/math\pgfmathfloat.code.tex
\c@pgfmathroundto@lastzeros=\count341
)) (D:\Programs\tex/generic/pgf/math\pgfint.code.tex) (D:\Programs\tex/generic/pgf/basiclayer\pgfcorepoints.code.tex
File: pgfcorepoints.code.tex 2023-01-15 v3.1.10 (3.1.10)
\pgf@picminx=\dimen187
\pgf@picmaxx=\dimen188
\pgf@picminy=\dimen189
\pgf@picmaxy=\dimen190
\pgf@pathminx=\dimen191
\pgf@pathmaxx=\dimen192
\pgf@pathminy=\dimen193
\pgf@pathmaxy=\dimen194
\pgf@xx=\dimen195
\pgf@xy=\dimen196
\pgf@yx=\dimen197
\pgf@yy=\dimen198
\pgf@zx=\dimen199
\pgf@zy=\dimen256
) (D:\Programs\tex/generic/pgf/basiclayer\pgfcorepathconstruct.code.tex
File: pgfcorepathconstruct.code.tex 2023-01-15 v3.1.10 (3.1.10)
\pgf@path@lastx=\dimen257
\pgf@path@lasty=\dimen258
) (D:\Programs\tex/generic/pgf/basiclayer\pgfcorepathusage.code.tex
File: pgfcorepathusage.code.tex 2023-01-15 v3.1.10 (3.1.10)
\pgf@shorten@end@additional=\dimen259
\pgf@shorten@start@additional=\dimen260
) (D:\Programs\tex/generic/pgf/basiclayer\pgfcorescopes.code.tex
File: pgfcorescopes.code.tex 2023-01-15 v3.1.10 (3.1.10)
\pgfpic=\box64
\pgf@hbox=\box65
\pgf@layerbox@main=\box66
\pgf@picture@serial@count=\count342
) (D:\Programs\tex/generic/pgf/basiclayer\pgfcoregraphicstate.code.tex
File: pgfcoregraphicstate.code.tex 2023-01-15 v3.1.10 (3.1.10)
\pgflinewidth=\dimen261
) (D:\Programs\tex/generic/pgf/basiclayer\pgfcoretransformations.code.tex
File: pgfcoretransformations.code.tex 2023-01-15 v3.1.10 (3.1.10)
\pgf@pt@x=\dimen262
\pgf@pt@y=\dimen263
\pgf@pt@temp=\dimen264
) (D:\Programs\tex/generic/pgf/basiclayer\pgfcorequick.code.tex
File: pgfcorequick.code.tex 2023-01-15 v3.1.10 (3.1.10)
) (D:\Programs\tex/generic/pgf/basiclayer\pgfcoreobjects.code.tex
File: pgfcoreobjects.code.tex 2023-01-15 v3.1.10 (3.1.10)
) (D:\Programs\tex/generic/pgf/basiclayer\pgfcorepathprocessing.code.tex
File: pgfcorepathprocessing.code.tex 2023-01-15 v3.1.10 (3.1.10)
) (D:\Programs\tex/generic/pgf/basiclayer\pgfcorearrows.code.tex
File: pgfcorearrows.code.tex 2023-01-15 v3.1.10 (3.1.10)
\pgfarrowsep=\dimen265
) (D:\Programs\tex/generic/pgf/basiclayer\pgfcoreshade.code.tex
File: pgfcoreshade.code.tex 2023-01-15 v3.1.10 (3.1.10)
\pgf@max=\dimen266
\pgf@sys@shading@range@num=\count343
\pgf@shadingcount=\count344
) (D:\Programs\tex/generic/pgf/basiclayer\pgfcoreimage.code.tex
File: pgfcoreimage.code.tex 2023-01-15 v3.1.10 (3.1.10)
) (D:\Programs\tex/generic/pgf/basiclayer\pgfcoreexternal.code.tex
File: pgfcoreexternal.code.tex 2023-01-15 v3.1.10 (3.1.10)
\pgfexternal@startupbox=\box67
) (D:\Programs\tex/generic/pgf/basiclayer\pgfcorelayers.code.tex
File: pgfcorelayers.code.tex 2023-01-15 v3.1.10 (3.1.10)
) (D:\Programs\tex/generic/pgf/basiclayer\pgfcoretransparency.code.tex
File: pgfcoretransparency.code.tex 2023-01-15 v3.1.10 (3.1.10)
) (D:\Programs\tex/generic/pgf/basiclayer\pgfcorepatterns.code.tex
File: pgfcorepatterns.code.tex 2023-01-15 v3.1.10 (3.1.10)
) (D:\Programs\tex/generic/pgf/basiclayer\pgfcorerdf.code.tex
File: pgfcorerdf.code.tex 2023-01-15 v3.1.10 (3.1.10)
))) (D:\Programs\tex/generic/pgf/modules\pgfmoduleshapes.code.tex
File: pgfmoduleshapes.code.tex 2023-01-15 v3.1.10 (3.1.10)
\pgfnodeparttextbox=\box68
) (D:\Programs\tex/generic/pgf/modules\pgfmoduleplot.code.tex
File: pgfmoduleplot.code.tex 2023-01-15 v3.1.10 (3.1.10)
) (D:\Programs\tex/latex/pgf/compatibility\pgfcomp-version-0-65.sty
Package: pgfcomp-version-0-65 2023-01-15 v3.1.10 (3.1.10)
\pgf@nodesepstart=\dimen267
\pgf@nodesepend=\dimen268
) (D:\Programs\tex/latex/pgf/compatibility\pgfcomp-version-1-18.sty
Package: pgfcomp-version-1-18 2023-01-15 v3.1.10 (3.1.10)
)) (D:\Programs\tex/latex/pgf/utilities\pgffor.sty (D:\Programs\tex/latex/pgf/utilities\pgfkeys.sty (D:\Programs\tex/generic/pgf/utilities\pgfkeys.code.tex)) (D:\Programs\tex/latex/pgf/math\pgfmath.sty (D:\Programs\tex/generic/pgf/math\pgfmath.code.tex)) (D:\Programs\tex/generic/pgf/utilities\pgffor.code.tex
Package: pgffor 2023-01-15 v3.1.10 (3.1.10)
\pgffor@iter=\dimen269
\pgffor@skip=\dimen270
\pgffor@stack=\toks47
\pgffor@toks=\toks48
)) (D:\Programs\tex/generic/pgf/frontendlayer/tikz\tikz.code.tex
Package: tikz 2023-01-15 v3.1.10 (3.1.10)
 (D:\Programs\tex/generic/pgf/libraries\pgflibraryplothandlers.code.tex
File: pgflibraryplothandlers.code.tex 2023-01-15 v3.1.10 (3.1.10)
\pgf@plot@mark@count=\count345
\pgfplotmarksize=\dimen271
)
\tikz@lastx=\dimen272
\tikz@lasty=\dimen273
\tikz@lastxsaved=\dimen274
\tikz@lastysaved=\dimen275
\tikz@lastmovetox=\dimen276
\tikz@lastmovetoy=\dimen277
\tikzleveldistance=\dimen278
\tikzsiblingdistance=\dimen279
\tikz@figbox=\box69
\tikz@figbox@bg=\box70
\tikz@tempbox=\box71
\tikz@tempbox@bg=\box72
\tikztreelevel=\count346
\tikznumberofchildren=\count347
\tikznumberofcurrentchild=\count348
\tikz@fig@count=\count349
 (D:\Programs\tex/generic/pgf/modules\pgfmodulematrix.code.tex
File: pgfmodulematrix.code.tex 2023-01-15 v3.1.10 (3.1.10)
\pgfmatrixcurrentrow=\count350
\pgfmatrixcurrentcolumn=\count351
\pgf@matrix@numberofcolumns=\count352
)
\tikz@expandcount=\count353
 (D:\Programs\tex/generic/pgf/frontendlayer/tikz/libraries\tikzlibrarytopaths.code.tex
File: tikzlibrarytopaths.code.tex 2023-01-15 v3.1.10 (3.1.10)
))) (D:\Programs\tex/latex/tools\calc.sty
Package: calc 2023/07/08 v4.3 Infix arithmetic (KKT,FJ)
\calc@Acount=\count354
\calc@Bcount=\count355
\calc@Adimen=\dimen280
\calc@Bdimen=\dimen281
\calc@Askip=\skip77
\calc@Bskip=\skip78
LaTeX Info: Redefining \setlength on input line 80.
LaTeX Info: Redefining \addtolength on input line 81.
\calc@Ccount=\count356
\calc@Cskip=\skip79
) (D:\Programs\tex/latex/titlesec\titlesec.sty
Package: titlesec 2025/01/04 v2.17 Sectioning titles
\ttl@box=\box73
\beforetitleunit=\skip80
\aftertitleunit=\skip81
\ttl@plus=\dimen282
\ttl@minus=\dimen283
\ttl@toksa=\toks49
\titlewidth=\dimen284
\titlewidthlast=\dimen285
\titlewidthfirst=\dimen286
) (D:\Programs\tex/latex/setspace\setspace.sty
Package: setspace 2022/12/04 v6.7b set line spacing
)
\c@ttlp@side=\count357
\ttlp@side=\count358
 (D:\Programs\tex/latex/epstopdf-pkg\epstopdf.sty
Package: epstopdf 2020-01-24 v2.11 Conversion with epstopdf on the fly (HO)
 (D:\Programs\tex/latex/grfext\grfext.sty
Package: grfext 2019/12/03 v1.3 Manage graphics extensions (HO)
) (D:\Programs\tex/latex/epstopdf-pkg\epstopdf-base.sty
Package: epstopdf-base 2020-01-24 v2.11 Base part for package epstopdf
Package epstopdf-base Info: Redefining graphics rule for `.eps' on input line 485.
Package grfext Info: Graphics extension search list:
(grfext)             [.pdf,.png,.jpg,.mps,.jpeg,.jbig2,.jb2,.PDF,.PNG,.JPG,.JPEG,.JBIG2,.JB2,.eps]
(grfext)             \AppendGraphicsExtensions on input line 504.
 (D:\Programs\tex/latex/00miktex\epstopdf-sys.cfg
File: epstopdf-sys.cfg 2021/03/18 v2.0 Configuration of epstopdf for MiKTeX
))) (D:\Programs\tex/latex/tools\indentfirst.sty
Package: indentfirst 2023/07/02 v1.03 Indent first paragraph (DPC)
) (D:\Programs\tex/latex/tools\verbatim.sty
Package: verbatim 2024-01-22 v1.5x LaTeX2e package for verbatim enhancements
\every@verbatim=\toks50
\verbatim@line=\toks51
\verbatim@in@stream=\read4
) (D:\Programs\tex/latex/base\latexsym.sty
Package: latexsym 1998/08/17 v2.2e Standard LaTeX package (lasy symbols)
\symlasy=\mathgroup11
LaTeX Font Info:    Overwriting symbol font `lasy' in version `bold'
(Font)                  U/lasy/m/n --> U/lasy/b/n on input line 52.
) (D:\Programs\tex/latex/hyphenat\hyphenat.sty
Package: hyphenat 2009/09/02 v2.3c hyphenation utilities
\langwohyphens=\language80
LaTeX Info: Redefining \_ on input line 43.
)
\c@definition=\count359
\c@proposition=\count360
\c@theorem=\count361
\c@corollary=\count362
\c@lemma=\count363
\c@example=\count364
\c@remark=\count365
\c@notation=\count366
\c@law=\count367
 (D:\Programs\tex/latex/caption\caption.sty
Package: caption 2023/08/05 v3.6o Customizing captions (AR)
 (D:\Programs\tex/latex/caption\caption3.sty
Package: caption3 2023/07/31 v2.4d caption3 kernel (AR)
\caption@tempdima=\dimen287
\captionmargin=\dimen288
\caption@leftmargin=\dimen289
\caption@rightmargin=\dimen290
\caption@width=\dimen291
\caption@indent=\dimen292
\caption@parindent=\dimen293
\caption@hangindent=\dimen294
Package caption Info: Standard document class detected.
)
\c@caption@flags=\count368
\c@continuedfloat=\count369
Package caption Info: float package is loaded.
Package caption Info: hyperref package is loaded.
Package caption Info: listings package is loaded.
) (D:\Programs\tex/latex/lettrine\lettrine.sty
File: lettrine.sty 2025-01-30 v2.80 (Daniel Flipo)
 (D:\Programs\tex/latex/l3packages/xfp\xfp.sty (D:\Programs\tex/latex/l3kernel\expl3.sty
Package: expl3 2025-04-14 L3 programming layer (loader) 
 (D:\Programs\tex/latex/l3backend\l3backend-pdftex.def
File: l3backend-pdftex.def 2025-04-14 L3 backend support: PDF output (pdfTeX)
\l__color_backend_stack_int=\count370
))
Package: xfp 2024-08-16 L3 Floating point unit
)
\c@DefaultLines=\count371
\c@DefaultDepth=\count372
\DefaultFindent=\dimen295
\DefaultNindent=\dimen296
\DefaultSlope=\dimen297
\DiscardVskip=\dimen298
\L@lettrine=\box74
\L@lbox=\box75
\L@tbox=\box76
\c@L@lines=\count373
\c@L@depth=\count374
\L@Pindent=\dimen299
\L@Findent=\dimen300
\L@Nindent=\dimen301
\L@lraise=\dimen302
\L@first=\dimen303
\L@next=\dimen304
\L@slope=\dimen305
\L@height=\dimen306
\L@novskip=\dimen307
\L@target@ht=\dimen308
\L@target@dp=\dimen309
\L@target@tht=\dimen310
\LettrineWidth=\dimen311
\LettrineHeight=\dimen312
\LettrineDepth=\dimen313
\L@finalht=\dimen314
\L@finaldp=\dimen315

Loading lettrine.cfg
(D:\Programs\tex/latex/lettrine\lettrine.cfg)
\Lettrine@tweaks=\toks52
\Llist@everypar=\toks53
)
Package babel Info: 'greek' activates 'greek' shorthands.
(babel)             Reported  on input line 1793.
LaTeX Font Info:    Trying to load font information for LGR+cmr on input line 1793.
 (D:\Programs\tex/latex/cbfonts-fd\lgrcmr.fd
File: lgrcmr.fd 2017/07/29 v1.2 Greek European Computer Regular
)) (D:\Programs\tex/latex/booktabs\booktabs.sty
Package: booktabs 2020/01/12 v1.61803398 Publication quality tables
\heavyrulewidth=\dimen316
\lightrulewidth=\dimen317
\cmidrulewidth=\dimen318
\belowrulesep=\dimen319
\belowbottomsep=\dimen320
\aboverulesep=\dimen321
\abovetopsep=\dimen322
\cmidrulesep=\dimen323
\cmidrulekern=\dimen324
\defaultaddspace=\dimen325
\@cmidla=\count375
\@cmidlb=\count376
\@aboverulesep=\dimen326
\@belowrulesep=\dimen327
\@thisruleclass=\count377
\@lastruleclass=\count378
\@thisrulewidth=\dimen328
) (D:\Programs\tex/latex/tools\tabularx.sty
Package: tabularx 2023/12/11 v2.12a `tabularx' package (DPC)
\TX@col@width=\dimen329
\TX@old@table=\dimen330
\TX@old@col=\dimen331
\TX@target=\dimen332
\TX@delta=\dimen333
\TX@cols=\count379
\TX@ftn=\toks54
) (D:\Programs\tex/latex/ragged2e\ragged2e.sty
Package: ragged2e 2023/06/22 v3.6 ragged2e Package
\CenteringLeftskip=\skip82
\RaggedLeftLeftskip=\skip83
\RaggedRightLeftskip=\skip84
\CenteringRightskip=\skip85
\RaggedLeftRightskip=\skip86
\RaggedRightRightskip=\skip87
\CenteringParfillskip=\skip88
\RaggedLeftParfillskip=\skip89
\RaggedRightParfillskip=\skip90
\JustifyingParfillskip=\skip91
\CenteringParindent=\skip92
\RaggedLeftParindent=\skip93
\RaggedRightParindent=\skip94
\JustifyingParindent=\skip95
) (D:\Programs\tex/latex/makecell\makecell.sty
Package: makecell 2009/08/03 V0.1e Managing of Tab Column Heads and Cells
\rotheadsize=\dimen334
\c@nlinenum=\count380
\TeXr@lab=\toks55
)
Package hyperref Info: Option `colorlinks' set `true' on input line 260.
Package hyperref Info: Option `unicode' set `true' on input line 260.
 (D:\Programs\tex/generic/stringenc\se-pdfdoc.def
File: se-pdfdoc.def 2019/11/29 v1.12 stringenc: PDFDocEncoding
) (D:\Programs\tex/latex/hypcap\hypcap.sty
Package: hypcap 2024-07-26 v1.13 Adjusting the anchors of captions (HO)
 (D:\Programs\tex/latex/letltxmacro\letltxmacro.sty
Package: letltxmacro 2019/12/03 v1.6 Let assignment for LaTeX macros (HO)
))
LaTeX Font Info:    Trying to load font information for LGR+mak on input line 260.
 (D:\Programs\tex/latex/kerkis\lgrmak.fd)
LaTeX Font Info:    Font shape `LGR/mak/m/n' will be
(Font)              scaled to size 9.85492pt on input line 260.
 (main.aux
LaTeX Font Info:    Trying to load font information for T1+mak on input line 9.
 (D:\Programs\tex/latex/kerkis\t1mak.fd)
LaTeX Font Info:    Font shape `T1/mak/m/n' will be
(Font)              scaled to size 9.85492pt on input line 9.
 (front_matter/abstract.aux) (front_matter/acknowledgements.aux) (body_matter/intro.aux) (body_matter/chap2.aux) (body_matter/chap3.aux) (body_matter/chap4.aux) (body_matter/chap5.aux) (body_matter/chap6.aux) (body_matter/chap7.aux) (body_matter/chap8.aux) (body_matter/chap9.aux) (back_matter/appA.aux) (back_matter/appB.aux) (back_matter/appC.aux) (back_matter/appD.aux) (back_matter/appE.aux))
\openout1 = `main.aux'.

LaTeX Font Info:    Checking defaults for OML/txmi/m/it on input line 260.
LaTeX Font Info:    Trying to load font information for OML+txmi on input line 260.
 (D:\Programs\tex/latex/txfonts\omltxmi.fd
File: omltxmi.fd 2000/12/15 v3.1
)
LaTeX Font Info:    ... okay on input line 260.
LaTeX Font Info:    Checking defaults for OMS/txsy/m/n on input line 260.
LaTeX Font Info:    Trying to load font information for OMS+txsy on input line 260.
 (D:\Programs\tex/latex/txfonts\omstxsy.fd
File: omstxsy.fd 2000/12/15 v3.1
)
LaTeX Font Info:    ... okay on input line 260.
LaTeX Font Info:    Checking defaults for OT1/cmr/m/n on input line 260.
LaTeX Font Info:    ... okay on input line 260.
LaTeX Font Info:    Checking defaults for T1/cmr/m/n on input line 260.
LaTeX Font Info:    ... okay on input line 260.
LaTeX Font Info:    Checking defaults for TS1/cmr/m/n on input line 260.
LaTeX Font Info:    ... okay on input line 260.
LaTeX Font Info:    Checking defaults for OMX/txex/m/n on input line 260.
LaTeX Font Info:    Trying to load font information for OMX+txex on input line 260.
 (D:\Programs\tex/latex/txfonts\omxtxex.fd
File: omxtxex.fd 2000/12/15 v3.1
)
LaTeX Font Info:    ... okay on input line 260.
LaTeX Font Info:    Checking defaults for U/txexa/m/n on input line 260.
LaTeX Font Info:    Trying to load font information for U+txexa on input line 260.
 (D:\Programs\tex/latex/txfonts\utxexa.fd
File: utxexa.fd 2000/12/15 v3.1
)
LaTeX Font Info:    ... okay on input line 260.
LaTeX Font Info:    Checking defaults for LGR/cmr/m/n on input line 260.
LaTeX Font Info:    ... okay on input line 260.
LaTeX Font Info:    Checking defaults for PD1/pdf/m/n on input line 260.
LaTeX Font Info:    ... okay on input line 260.
LaTeX Font Info:    Checking defaults for PU/pdf/m/n on input line 260.
LaTeX Font Info:    ... okay on input line 260.
 (D:\Programs\tex/context/base/mkii\supp-pdf.mkii
[Loading MPS to PDF converter (version 2006.09.02).]
\scratchcounter=\count381
\scratchdimen=\dimen335
\scratchbox=\box77
\nofMPsegments=\count382
\nofMParguments=\count383
\everyMPshowfont=\toks56
\MPscratchCnt=\count384
\MPscratchDim=\dimen336
\MPnumerator=\count385
\makeMPintoPDFobject=\count386
\everyMPtoPDFconversion=\toks57
)
Package newfloat Info: `float' package detected.
Package hyperref Info: Link coloring ON on input line 260.
\c@lstlisting=\count387
Package caption Info: Begin \AtBeginDocument code.
Package caption Info: hypcap package is loaded.
Package caption Info: End \AtBeginDocument code.
LaTeX Font Info:    Trying to load font information for OT1+txr on input line 263.
 (D:\Programs\tex/latex/txfonts\ot1txr.fd
File: ot1txr.fd 2000/12/15 v3.1
)
LaTeX Font Info:    Trying to load font information for OML+mak on input line 263.
 (D:\Programs\tex/latex/kerkis\omlmak.fd)
LaTeX Font Info:    Font shape `OML/mak/m/it' will be
(Font)              scaled to size 9.85492pt on input line 263.
LaTeX Font Info:    Font shape `OML/mak/m/it' will be
(Font)              scaled to size 7.19995pt on input line 263.
LaTeX Font Info:    Font shape `OML/mak/m/it' will be
(Font)              scaled to size 5.39996pt on input line 263.
LaTeX Font Info:    Trying to load font information for U+txsya on input line 263.
 (D:\Programs\tex/latex/txfonts\utxsya.fd
File: utxsya.fd 2000/12/15 v3.1
)
LaTeX Font Info:    Trying to load font information for U+txsyb on input line 263.
 (D:\Programs\tex/latex/txfonts\utxsyb.fd
File: utxsyb.fd 2000/12/15 v3.1
)
LaTeX Font Info:    Trying to load font information for U+txmia on input line 263.
 (D:\Programs\tex/latex/txfonts\utxmia.fd
File: utxmia.fd 2000/12/15 v3.1
)
LaTeX Font Info:    Trying to load font information for U+txsyc on input line 263.
 (D:\Programs\tex/latex/txfonts\utxsyc.fd
File: utxsyc.fd 2000/12/15 v3.1
)
LaTeX Font Info:    Font shape `T1/mak/m/n' will be
(Font)              scaled to size 7.19995pt on input line 263.
LaTeX Font Info:    Font shape `T1/mak/m/n' will be
(Font)              scaled to size 5.39996pt on input line 263.
LaTeX Font Info:    Trying to load font information for U+lasy on input line 263.
 (D:\Programs\tex/latex/base\ulasy.fd
File: ulasy.fd 1998/08/17 v2.2e LaTeX symbol font definitions
)
Package epstopdf Info: Source file: <logo/pyrforos.eps>
(epstopdf)                    date: 2024-10-12 21:52:04
(epstopdf)                    size: 143946 bytes
(epstopdf)             Output file: <logo/pyrforos-eps-converted-to.pdf>
(epstopdf)                    date: 2025-05-10 18:35:10
(epstopdf)                    size: 58320 bytes
(epstopdf)             Command: <miktex-epstopdf --outfile=logo/pyrforos-eps-converted-to.pdf logo/pyrforos.eps>
(epstopdf)             \includegraphics on input line 263.
Package epstopdf Info: Output file is already uptodate.
<logo/pyrforos-eps-converted-to.pdf, id=6, 557.08125pt x 557.08125pt>
File: logo/pyrforos-eps-converted-to.pdf Graphic file (type pdf)
<use logo/pyrforos-eps-converted-to.pdf>
Package pdftex.def Info: logo/pyrforos-eps-converted-to.pdf  used on input line 263.
(pdftex.def)             Requested size: 71.13188pt x 71.13104pt.
LaTeX Font Info:    Font shape `LGR/mak/m/n' will be
(Font)              scaled to size 10.79993pt on input line 263.
LaTeX Font Info:    Font shape `LGR/mak/m/sc' will be
(Font)              scaled to size 10.79993pt on input line 263.
LaTeX Font Info:    Font shape `LGR/mak/m/n' will be
(Font)              scaled to size 8.99994pt on input line 263.
LaTeX Font Info:    Font shape `LGR/mak/m/sc' will be
(Font)              scaled to size 8.99994pt on input line 263.

Overfull \hbox (95.13191pt too wide) in paragraph at lines 263--263
 [][] 
 []

LaTeX Font Info:    Font shape `LGR/mak/m/n' will be
(Font)              scaled to size 18.66588pt on input line 263.
LaTeX Font Info:    Font shape `LGR/mak/m/n' will be
(Font)              scaled to size 17.35912pt on input line 263.
LaTeX Font Info:    Font shape `LGR/mak/b/n' will be
(Font)              scaled to size 17.35912pt on input line 263.
LaTeX Font Info:    Font shape `T1/mak/b/n' will be
(Font)              scaled to size 17.35912pt on input line 263.
LaTeX Font Info:    Font shape `LGR/mak/m/n' will be
(Font)              scaled to size 12.9599pt on input line 263.
LaTeX Font Info:    Font shape `LGR/mak/m/it' will be
(Font)              scaled to size 12.9599pt on input line 263.
LaTeX Font Info:    Font shape `LGR/mak/m/sc' will be
(Font)              scaled to size 18.66588pt on input line 263.
LaTeX Font Info:    Font shape `LGR/mak/m/sc' will be
(Font)              scaled to size 17.35912pt on input line 263.
LaTeX Font Info:    Font shape `LGR/mak/m/n' will be
(Font)              scaled to size 12.0526pt on input line 263.
LaTeX Font Info:    Font shape `LGR/mak/b/n' will be
(Font)              scaled to size 12.0526pt on input line 263.
LaTeX Font Info:    Font shape `LGR/mak/b/n' will be
(Font)              scaled to size 10.79993pt on input line 263.


[1


{C:/Users/Theodore/AppData/Local/MiKTeX/fonts/map/pdftex/pdftex.map}{D:/Programs/fonts/enc/dvips/kerkis/gpkerkis.enc}{D:/Programs/fonts/enc/dvips/kerkis/kerkisec.enc} <./logo/pyrforos-eps-converted-to.pdf>]
LaTeX Font Info:    Font shape `LGR/mak/m/n' will be
(Font)              scaled to size 5.39996pt on input line 263.


[2

]
Package epstopdf Info: Source file: <logo/pyrforos.eps>
(epstopdf)                    date: 2024-10-12 21:52:04
(epstopdf)                    size: 143946 bytes
(epstopdf)             Output file: <logo/pyrforos-eps-converted-to.pdf>
(epstopdf)                    date: 2025-05-10 18:35:10
(epstopdf)                    size: 58320 bytes
(epstopdf)             Command: <miktex-epstopdf --outfile=logo/pyrforos-eps-converted-to.pdf logo/pyrforos.eps>
(epstopdf)             \includegraphics on input line 263.
Package epstopdf Info: Output file is already uptodate.
File: logo/pyrforos-eps-converted-to.pdf Graphic file (type pdf)
<use logo/pyrforos-eps-converted-to.pdf>
Package pdftex.def Info: logo/pyrforos-eps-converted-to.pdf  used on input line 263.
(pdftex.def)             Requested size: 45.52458pt x 45.51944pt.
LaTeX Font Info:    Font shape `LGR/mak/m/sc' will be
(Font)              scaled to size 9.85492pt on input line 263.
LaTeX Font Info:    Font shape `LGR/mak/m/n' will be
(Font)              scaled to size 15.55188pt on input line 263.
LaTeX Font Info:    Font shape `LGR/mak/b/n' will be
(Font)              scaled to size 15.55188pt on input line 263.
LaTeX Font Info:    Font shape `T1/mak/b/n' will be
(Font)              scaled to size 15.55188pt on input line 263.
LaTeX Font Info:    Font shape `LGR/mak/b/n' will be
(Font)              scaled to size 12.9599pt on input line 263.
LaTeX Font Info:    Font shape `LGR/mak/m/it' will be
(Font)              scaled to size 9.85492pt on input line 263.


[3]

[4]
Package epstopdf Info: Source file: <logo/pyrforos.eps>
(epstopdf)                    date: 2024-10-12 21:52:04
(epstopdf)                    size: 143946 bytes
(epstopdf)             Output file: <logo/pyrforos-eps-converted-to.pdf>
(epstopdf)                    date: 2025-05-10 18:35:10
(epstopdf)                    size: 58320 bytes
(epstopdf)             Command: <miktex-epstopdf --outfile=logo/pyrforos-eps-converted-to.pdf logo/pyrforos.eps>
(epstopdf)             \includegraphics on input line 263.
Package epstopdf Info: Output file is already uptodate.
File: logo/pyrforos-eps-converted-to.pdf Graphic file (type pdf)
<use logo/pyrforos-eps-converted-to.pdf>
Package pdftex.def Info: logo/pyrforos-eps-converted-to.pdf  used on input line 263.
(pdftex.def)             Requested size: 45.52458pt x 45.51944pt.
LaTeX Font Info:    Trying to load font information for TS1+mak on input line 263.
LaTeX Font Info:    No file TS1mak.fd. on input line 263.


LaTeX Font Warning: Font shape `TS1/mak/m/n' undefined
(Font)              using `TS1/cmr/m/n' instead
(Font)              for symbol `textcopyright' on input line 263.

LaTeX Font Info:    Font shape `LGR/mak/b/n' will be
(Font)              scaled to size 9.85492pt on input line 263.


[5

]

[6

]
\openout2 = `front_matter/abstract.aux'.

 (front_matter/abstract.tex
LaTeX Font Info:    Font shape `LGR/mak/b/n' will be
(Font)              scaled to size 18.66588pt on input line 1.



pdfTeX warning (ext4): destination with the same identifier (name{page.1}) has been already used, duplicate ignored
<to be read again> 
                   \relax 
l.24 \end{abstract}
                    [1


]


pdfTeX warning (ext4): destination with the same identifier (name{page.2}) has been already used, duplicate ignored
<to be read again> 
                   \relax 
l.27 \begin{abstracteng}
                         [2

]
LaTeX Font Info:    Font shape `T1/mak/b/n' will be
(Font)              scaled to size 12.9599pt on input line 47.
)


pdfTeX warning (ext4): destination with the same identifier (name{page.3}) has been already used, duplicate ignored
<to be read again> 
                   \relax 
l.267 	\include{front_matter/abstract}
                                       [3]


pdfTeX warning (ext4): destination with the same identifier (name{page.4}) has been already used, duplicate ignored
<to be read again> 
                   \relax 
l.269 ...edication{  }
                                                   [4



]
Underfull \hbox (badness 10000) in paragraph at lines 269--269

 []


Underfull \hbox (badness 10000) in paragraph at lines 269--269

 []




pdfTeX warning (ext4): destination with the same identifier (name{page.5}) has been already used, duplicate ignored
<to be read again> 
                   \relax 
l.271 	\include
               {front_matter/acknowledgements} [5]
\openout2 = `front_matter/acknowledgements.aux'.

 (front_matter/acknowledgements.tex


pdfTeX warning (ext4): destination with the same identifier (name{page.6}) has been already used, duplicate ignored
<to be read again> 
                   \relax 
l.8 \begin{acknowledgements}
                             [6


])

[7]

[8



] (main.toc
LaTeX Font Info:    Font shape `T1/mak/b/n' will be
(Font)              scaled to size 9.85492pt on input line 7.
LaTeX Font Info:    Font shape `T1/mak/b/n' will be
(Font)              scaled to size 10.79993pt on input line 39.
LaTeX Font Info:    Font shape `LGR/mak/m/n' will be
(Font)              scaled to size 7.19995pt on input line 215.


[9]
Overfull \hbox (3.055pt too wide) detected at line 339
 []\LGR/mak/m/n/10.95 100
 []


Overfull \hbox (3.055pt too wide) detected at line 352
 []\LGR/mak/m/n/10.95 105
 []


Overfull \hbox (3.055pt too wide) detected at line 357
 []\LGR/mak/m/n/10.95 106
 []


Overfull \hbox (3.055pt too wide) detected at line 364
 []\LGR/mak/m/n/10.95 109
 []


Overfull \hbox (3.055pt too wide) detected at line 365
 []\LGR/mak/m/n/10.95 109
 []



LaTeX Font Info:    Font shape `LGR/mak/m/n' will be
(Font)              scaled to size 8.09995pt on input line 372.
LaTeX Font Info:    Font shape `T1/mak/m/n' will be
(Font)              scaled to size 8.09995pt on input line 372.
Package babel Info: 'greek' activates 'greek' shorthands.
(babel)             Reported  on input line 372.
[10]
Overfull \hbox (3.055pt too wide) detected at line 373
 []\LGR/mak/m/n/10.95 111
 []


Overfull \hbox (3.055pt too wide) detected at line 374
 []\LGR/mak/m/n/10.95 111
 []


Overfull \hbox (3.055pt too wide) detected at line 379
 []\LGR/mak/m/n/10.95 112
 []

)
\tf@toc=\write4
\openout4 = `main.toc'.



[11]

[12

] (main.lof
Overfull \hbox (3.055pt too wide) detected at line 283
 []\LGR/mak/m/n/10.95 111
 []

)
\tf@lof=\write5
\openout5 = `main.lof'.



[13]

[14

] (main.loi
LaTeX Font Info:    Trying to load font information for T1+txr on input line 9.
 (D:\Programs\tex/latex/txfonts\t1txr.fd
File: t1txr.fd 2000/12/15 v3.1
)

[15{D:/Programs/fonts/enc/dvips/kerkis/kmath.enc}{D:/Programs/fonts/enc/dvips/base/8r.enc}]
Overfull \hbox (3.055pt too wide) detected at line 42
 []\LGR/mak/m/n/10.95 117
 []

)
\tf@loi=\write6
\openout6 = `main.loi'.



[16] (main.lot
Overfull \hbox (3.055pt too wide) detected at line 297
 []\LGR/mak/m/n/10.95 110
 []

)
\tf@lot=\write7
\openout7 = `main.lot'.



[17

]
\openout2 = `body_matter/intro.aux'.

 (body_matter/intro.tex

[18


]
\textKappa \textepsilon \textphi \acctonos \textalpha \textlambda \textalpha \textiota \textomicron  1.
LaTeX Font Info:    Font shape `LGR/mak/b/n' will be
(Font)              scaled to size 22.39185pt on input line 1.
LaTeX Font Info:    Font shape `LGR/mak/m/n' will be
(Font)              scaled to size 19.1447pt on input line 2.
LaTeX Font Info:    Font shape `LGR/mak/m/n' will be
(Font)              scaled to size 31.23663pt on input line 2.
Package lettrine.sty Info: Targeted height = 21.27205pt
(lettrine.sty)             (for loversize=0, accent excluded),
(lettrine.sty)             Lettrine height = 27.65382pt (\color {gray!80!green!70!black}\scalebox {1.3}{});
(lettrine.sty)             reported on input line 2.


[19]

[20])

[21]

[22



]
LaTeX Font Info:    Font shape `T1/mak/b/n' will be
(Font)              scaled to size 22.39185pt on input line 291.
LaTeX Font Info:    Font shape `LGR/mak/b/n' will be
(Font)              scaled to size 20.82425pt on input line 291.


[23]

[24]
\openout2 = `body_matter/chap2.aux'.

 (body_matter/chap2.tex
\textKappa \textepsilon \textphi \acctonos \textalpha \textlambda \textalpha \textiota \textomicron  2.

Overfull \hbox (17.72156pt too wide) in paragraph at lines 5--5
\LGR/mak/b/n/19.28804 Te-qno-lo-gec []\T1/mak/b/n/19.28804 LP-WAN []\LGR/mak/b/n/19.28804 kai to Prw-tkol-lo []\T1/mak/b/n/19.28804 Lo-RaWAN
 []



[25


]
LaTeX Font Info:    Font shape `OML/mak/m/it' will be
(Font)              scaled to size 8.09995pt on input line 64.
LaTeX Font Info:    Font shape `OML/mak/m/it' will be
(Font)              scaled to size 4.49997pt on input line 64.
LaTeX Font Info:    Font shape `T1/mak/m/n' will be
(Font)              scaled to size 4.49997pt on input line 64.
LaTeX Font Info:    Font shape `LGR/mak/b/n' will be
(Font)              scaled to size 8.09995pt on input line 64.
<figures/IoT_techs.png, id=430, 1202.99437pt x 704.6325pt>
File: figures/IoT_techs.png Graphic file (type png)
<use figures/IoT_techs.png>
Package pdftex.def Info: figures/IoT_techs.png  used on input line 77.
(pdftex.def)             Requested size: 405.45045pt x 237.48604pt.
Package hyperref Info: bookmark level for unknown illustration defaults to 0 on input line 79.
LaTeX Font Info:    Font shape `T1/mak/m/it' will be
(Font)              scaled to size 9.85492pt on input line 79.


[26 <./figures/IoT_techs.png>]

[27]

[28]
<figures/OSI_LoRa.png, id=470, 599.23875pt x 442.65375pt>
File: figures/OSI_LoRa.png Graphic file (type png)
<use figures/OSI_LoRa.png>
Package pdftex.def Info: figures/OSI_LoRa.png  used on input line 253.
(pdftex.def)             Requested size: 298.75262pt x 220.6914pt.

Underfull \vbox (badness 10000) has occurred while \output is active []



[29 <./figures/OSI_LoRa.png>]

[30]
<figures/Fresnel_zone.png, id=489, 495.0495pt x 161.403pt>
File: figures/Fresnel_zone.png Graphic file (type png)
<use figures/Fresnel_zone.png>
Package pdftex.def Info: figures/Fresnel_zone.png  used on input line 326.
(pdftex.def)             Requested size: 426.79134pt x 139.15112pt.


[31 <./figures/Fresnel_zone.png>]

[32]
<figures/LoRa_vs_FSK.png, id=513, 924.45375pt x 651.18282pt>
File: figures/LoRa_vs_FSK.png Graphic file (type png)
<use figures/LoRa_vs_FSK.png>
Package pdftex.def Info: figures/LoRa_vs_FSK.png  used on input line 426.
(pdftex.def)             Requested size: 426.79134pt x 300.63078pt.


[33]
Underfull \vbox (badness 3942) has occurred while \output is active []



[34 <./figures/LoRa_vs_FSK.png>]

[35]

[36]
<figures/CSS_up_chrip_down_chirp.png, id=548, 516.12825pt x 271.0125pt>
File: figures/CSS_up_chrip_down_chirp.png Graphic file (type png)
<use figures/CSS_up_chrip_down_chirp.png>
Package pdftex.def Info: figures/CSS_up_chrip_down_chirp.png  used on input line 589.
(pdftex.def)             Requested size: 298.75262pt x 156.86893pt.


[37]
<figures/LoRa_Symbols_chirps.png, id=558, 1305.87875pt x 691.58376pt>
File: figures/LoRa_Symbols_chirps.png Graphic file (type png)
<use figures/LoRa_Symbols_chirps.png>
Package pdftex.def Info: figures/LoRa_Symbols_chirps.png  used on input line 608.
(pdftex.def)             Requested size: 426.79134pt x 226.01782pt.


[38 <./figures/CSS_up_chrip_down_chirp.png> <./figures/LoRa_Symbols_chirps.png>]
<figures/LoRa_waveform_parameters.png, id=567, 1142.2675pt x 921.4425pt>
File: figures/LoRa_waveform_parameters.png Graphic file (type png)
<use figures/LoRa_waveform_parameters.png>
Package pdftex.def Info: figures/LoRa_waveform_parameters.png  used on input line 630.
(pdftex.def)             Requested size: 384.10959pt x 309.85565pt.


[39 <./figures/LoRa_waveform_parameters.png>]
Underfull \vbox (badness 10000) has occurred while \output is active []



[40]
<figures/LoRa_waveform_values.png, id=588, 1143.27126pt x 906.38625pt>
File: figures/LoRa_waveform_values.png Graphic file (type png)
<use figures/LoRa_waveform_values.png>
Package pdftex.def Info: figures/LoRa_waveform_values.png  used on input line 749.
(pdftex.def)             Requested size: 426.79134pt x 338.35884pt.


[41]

[42 <./figures/LoRa_waveform_values.png>]

[43]

[44]
Overfull \hbox (2.62611pt too wide) in paragraph at lines 911--912
[]$\OML/mak/m/it/10.95 LDRO \OT1/txr/m/n/10.95 = \T1/mak/m/n/10.95 1$ \LGR/mak/m/n/10.95 an qei e-ner-go-poi-h-je- []\T1/mak/m/n/10.95 Low Data Rate Op-ti-miza-tion []\LGR/mak/m/n/10.95 (se $\OML/mak/m/it/10.95 SF \OT1/txr/m/n/10.95 = \T1/mak/m/n/10.95 11\OML/mak/m/it/10.95 ; \T1/mak/m/n/10.95 12\OML/mak/m/it/10.95 ; \T1/mak/m/n/10.95 125\OML/mak/m/it/10.95 kHz$\LGR/mak/m/n/10.95 ,
 []



[45]

[46]

[47]
<figures/LoRa-LoRaWAN_layers.png, id=655, 1143.52219pt x 365.86688pt>
File: figures/LoRa-LoRaWAN_layers.png Graphic file (type png)
<use figures/LoRa-LoRaWAN_layers.png>
Package pdftex.def Info: figures/LoRa-LoRaWAN_layers.png  used on input line 1049.
(pdftex.def)             Requested size: 341.43436pt x 109.24171pt.
<figures/LoRaWAN_architecture.png, id=660, 3306.3525pt x 2095.83pt>
File: figures/LoRaWAN_architecture.png Graphic file (type png)
<use figures/LoRaWAN_architecture.png>
Package pdftex.def Info: figures/LoRaWAN_architecture.png  used on input line 1076.
(pdftex.def)             Requested size: 426.79134pt x 270.5167pt.


[48 <./figures/LoRa-LoRaWAN_layers.png>]

[49 <./figures/LoRaWAN_architecture.png>]
<figures/LoRaWAN_Network_Server_architecture.png, id=678, 1012.78375pt x 581.17125pt>
File: figures/LoRaWAN_Network_Server_architecture.png Graphic file (type png)
<use figures/LoRaWAN_Network_Server_architecture.png>
Package pdftex.def Info: figures/LoRaWAN_Network_Server_architecture.png  used on input line 1132.
(pdftex.def)             Requested size: 426.79134pt x 244.90611pt.


[50 <./figures/LoRaWAN_Network_Server_architecture.png (PNG copy)>]
<figures/LoRaWan_Uplink_Downlink.png, id=690, 643.203pt x 434.22224pt>
File: figures/LoRaWan_Uplink_Downlink.png Graphic file (type png)
<use figures/LoRaWan_Uplink_Downlink.png>
Package pdftex.def Info: figures/LoRaWan_Uplink_Downlink.png  used on input line 1195.
(pdftex.def)             Requested size: 320.09349pt x 216.09685pt.
LaTeX Font Info:    Font shape `T1/mak/b/n' will be
(Font)              scaled to size 8.09995pt on input line 1209.


[51]
<figures/LoRaWAN_Class_A_Flow.png, id=701, 516.7305pt x 172.84575pt>
File: figures/LoRaWAN_Class_A_Flow.png Graphic file (type png)
<use figures/LoRaWAN_Class_A_Flow.png>
Package pdftex.def Info: figures/LoRaWAN_Class_A_Flow.png  used on input line 1235.
(pdftex.def)             Requested size: 426.79134pt x 142.763pt.


[52 <./figures/LoRaWan_Uplink_Downlink.png>]
<figures/LoRaWAN_Class_B_Flow.png, id=708, 687.7695pt x 181.27725pt>
File: figures/LoRaWAN_Class_B_Flow.png Graphic file (type png)
<use figures/LoRaWAN_Class_B_Flow.png>
Package pdftex.def Info: figures/LoRaWAN_Class_B_Flow.png  used on input line 1274.
(pdftex.def)             Requested size: 384.10959pt x 101.24072pt.


[53 <./figures/LoRaWAN_Class_A_Flow.png> <./figures/LoRaWAN_Class_B_Flow.png>]
<figures/LoRaWAN_Class_C_Flow.png, id=714, 602.25pt x 201.1515pt>
File: figures/LoRaWAN_Class_C_Flow.png Graphic file (type png)
<use figures/LoRaWAN_Class_C_Flow.png>
Package pdftex.def Info: figures/LoRaWAN_Class_C_Flow.png  used on input line 1309.
(pdftex.def)             Requested size: 384.10959pt x 128.29759pt.


[54 <./figures/LoRaWAN_Class_C_Flow.png>]
<figures/LoRaWAN_Packet_structure.png, id=722, 1085.26462pt x 581.19655pt>
File: figures/LoRaWAN_Packet_structure.png Graphic file (type png)
<use figures/LoRaWAN_Packet_structure.png>
Package pdftex.def Info: figures/LoRaWAN_Packet_structure.png  used on input line 1345.
(pdftex.def)             Requested size: 384.10959pt x 205.70099pt.


[55 <./figures/LoRaWAN_Packet_structure.png>]

[56]
Overfull \hbox (1.76758pt too wide) in paragraph at lines 1546--1546
|[][]
 []


Overfull \hbox (0.88911pt too wide) in paragraph at lines 1546--1546
|[][]
 []


Overfull \hbox (1.76758pt too wide) in paragraph at lines 1546--1546
|[][]
 []


Overfull \hbox (1.76758pt too wide) in paragraph at lines 1546--1546
|[][]
 []


Overfull \hbox (1.76758pt too wide) in paragraph at lines 1546--1546
|[][]
 []


Overfull \hbox (1.76758pt too wide) in paragraph at lines 1546--1546
|[][]
 []


Overfull \hbox (1.76758pt too wide) in paragraph at lines 1546--1546
|[][]
 []


Overfull \hbox (1.76758pt too wide) in paragraph at lines 1546--1546
|[][]
 []


Overfull \hbox (1.76758pt too wide) in paragraph at lines 1546--1546
|[][]
 []


Overfull \hbox (2.19807pt too wide) in paragraph at lines 1546--1546
|[][]
 []


Overfull \hbox (1.76758pt too wide) in paragraph at lines 1546--1546
|[][]
 []


Overfull \hbox (1.76758pt too wide) in paragraph at lines 1546--1546
|[][]
 []


Underfull \hbox (badness 10000) in alignment at lines 1546--1546
[][][][] 
 []



[57]

[58]
LaTeX Font Info:    Font shape `LGR/mak/b/n' will be
(Font)              scaled to size 7.19995pt on input line 1645.
LaTeX Font Info:    Font shape `T1/mak/b/n' will be
(Font)              scaled to size 7.19995pt on input line 1645.


[59]
<figures/LoRaWAN_OTAA_v1_0.png, id=754, 720.44156pt x 449.42906pt>
File: figures/LoRaWAN_OTAA_v1_0.png Graphic file (type png)
<use figures/LoRaWAN_OTAA_v1_0.png>
Package pdftex.def Info: figures/LoRaWAN_OTAA_v1_0.png  used on input line 1690.
(pdftex.def)             Requested size: 362.77524pt x 226.30496pt.
<figures/LoRaWAN_OTAA_v1_1.png, id=756, 713.66624pt x 404.26031pt>
File: figures/LoRaWAN_OTAA_v1_1.png Graphic file (type png)
<use figures/LoRaWAN_OTAA_v1_1.png>
Package pdftex.def Info: figures/LoRaWAN_OTAA_v1_1.png  used on input line 1698.
(pdftex.def)             Requested size: 362.77524pt x 205.49767pt.

Underfull \vbox (badness 10000) has occurred while \output is active []



[60 <./figures/LoRaWAN_OTAA_v1_0.png>]

[61 <./figures/LoRaWAN_OTAA_v1_1.png>]

[62]
<figures/LoRaWAN_ABP_v1_0.png, id=775, 701.62125pt x 252.19218pt>
File: figures/LoRaWAN_ABP_v1_0.png Graphic file (type png)
<use figures/LoRaWAN_ABP_v1_0.png>
Package pdftex.def Info: figures/LoRaWAN_ABP_v1_0.png  used on input line 1789.
(pdftex.def)             Requested size: 362.77524pt x 130.398pt.
<figures/LoRaWAN_ABP_v1_1.png, id=777, 702.37407pt x 472.76625pt>
File: figures/LoRaWAN_ABP_v1_1.png Graphic file (type png)
<use figures/LoRaWAN_ABP_v1_1.png>
Package pdftex.def Info: figures/LoRaWAN_ABP_v1_1.png  used on input line 1797.
(pdftex.def)             Requested size: 362.77524pt x 244.1879pt.


[63 <./figures/LoRaWAN_ABP_v1_0.png> <./figures/LoRaWAN_ABP_v1_1.png>]
Underfull \vbox (badness 2005) has occurred while \output is active []



[64]

[65]
LaTeX Font Info:    Trying to load font information for OT1+mak on input line 1951.
 (D:\Programs\tex/latex/kerkis\ot1mak.fd)
LaTeX Font Info:    Font shape `OT1/mak/m/n' will be
(Font)              scaled to size 9.85492pt on input line 1951.
)

[66{D:/Programs/fonts/enc/dvips/kerkis/kerkis.enc}]
\openout2 = `body_matter/chap3.aux'.

 (body_matter/chap3.tex
\textKappa \textepsilon \textphi \acctonos \textalpha \textlambda \textalpha \textiota \textomicron  3.
Package lettrine.sty Info: Targeted height = 21.27205pt
(lettrine.sty)             (for loversize=0, accent excluded),
(lettrine.sty)             Lettrine height = 27.65382pt (\color {gray!80!green!70!black}\scalebox {1.3}{});
(lettrine.sty)             reported on input line 3.


[67




]
<figures/tts-architecture.jpeg, id=812, 1927.2pt x 1084.05pt>
File: figures/tts-architecture.jpeg Graphic file (type jpg)
<use figures/tts-architecture.jpeg>
Package pdftex.def Info: figures/tts-architecture.jpeg  used on input line 36.
(pdftex.def)             Requested size: 426.79134pt x 240.06316pt.


[68 <./figures/tts-architecture.jpeg>]

[69]

[70]
LaTeX Font Info:    Font shape `OML/mak/m/it' will be
(Font)              scaled to size 12.9599pt on input line 198.
LaTeX Font Info:    Font shape `T1/mak/m/n' will be
(Font)              scaled to size 12.9599pt on input line 198.


Package hyperref Warning: Token not allowed in a PDF string (Unicode):
(hyperref)                removing `\mathsurround' on input line 198.


Package hyperref Warning: Token not allowed in a PDF string (Unicode):
(hyperref)                removing `\z@' on input line 198.


Package hyperref Warning: Token not allowed in a PDF string (Unicode):
(hyperref)                removing `superscript' on input line 198.

<figures/LoRa_BasicsStation.png, id=838, 552.26324pt x 219.82124pt>
File: figures/LoRa_BasicsStation.png Graphic file (type png)
<use figures/LoRa_BasicsStation.png>
Package pdftex.def Info: figures/LoRa_BasicsStation.png  used on input line 216.
(pdftex.def)             Requested size: 426.79134pt x 169.88004pt.
LaTeX Font Info:    Font shape `T1/mak/m/it' will be
(Font)              scaled to size 7.19995pt on input line 217.

Underfull \vbox (badness 5970) has occurred while \output is active []



[71]

[72 <./figures/LoRa_BasicsStation.png>]

[73]

[74]
<figures/Docker.png, id=870, 2258.4375pt x 1917.41344pt>
File: figures/Docker.png Graphic file (type png)
<use figures/Docker.png>
Package pdftex.def Info: figures/Docker.png  used on input line 372.
(pdftex.def)             Requested size: 384.10959pt x 326.10226pt.

Underfull \vbox (badness 1028) has occurred while \output is active []



[75 <./figures/Docker.png>]

[76]

[77]

[78]
Underfull \vbox (badness 10000) has occurred while \output is active []



[79]
<figures/Spring-React-Architecture.png, id=910, 2569.6pt x 1445.4pt>
File: figures/Spring-React-Architecture.png Graphic file (type png)
<use figures/Spring-React-Architecture.png>
Package pdftex.def Info: figures/Spring-React-Architecture.png  used on input line 559.
(pdftex.def)             Requested size: 426.79134pt x 240.06866pt.


[80 <./figures/Spring-React-Architecture.png>]

[81])

[82]
\openout2 = `body_matter/chap4.aux'.

 (body_matter/chap4.tex
\textKappa \textepsilon \textphi \acctonos \textalpha \textlambda \textalpha \textiota \textomicron  4.
Package lettrine.sty Info: Targeted height = 21.27205pt
(lettrine.sty)             (for loversize=0, accent excluded),
(lettrine.sty)             Lettrine height = 27.65382pt (\color {gray!80!green!70!black}\scalebox {1.3}{});
(lettrine.sty)             reported on input line 2.
<figures/My-System-Arcitecture.png, id=926, 1820.8025pt x 514.92375pt>
File: figures/My-System-Arcitecture.png Graphic file (type png)
<use figures/My-System-Arcitecture.png>
Package pdftex.def Info: figures/My-System-Arcitecture.png  used on input line 24.
(pdftex.def)             Requested size: 426.79134pt x 120.69281pt.


[83




 <./figures/My-System-Arcitecture.png>]
Overfull \hbox (16.10347pt too wide) in paragraph at lines 113--153
 [][] 
 []



[84]
Overfull \hbox (19.8591pt too wide) in paragraph at lines 162--186
 [][] 
 []


Underfull \vbox (badness 10000) has occurred while \output is active []



[85]
Underfull \hbox (badness 10000) in paragraph at lines 204--210

 []

<figures/1st_Implementation_gateway.png, id=954, 1755.55875pt x 1458.44875pt>
File: figures/1st_Implementation_gateway.png Graphic file (type png)
<use figures/1st_Implementation_gateway.png>
Package pdftex.def Info: figures/1st_Implementation_gateway.png  used on input line 214.
(pdftex.def)             Requested size: 426.79134pt x 354.55244pt.


[86 <./figures/1st_Implementation_gateway.png>]

[87]

[88]
<figures/1st_implementation_el_meter.png, id=975, 1877.0125pt x 948.54375pt>
File: figures/1st_implementation_el_meter.png Graphic file (type png)
<use figures/1st_implementation_el_meter.png>
Package pdftex.def Info: figures/1st_implementation_el_meter.png  used on input line 378.
(pdftex.def)             Requested size: 426.79134pt x 215.671pt.
)

[89 <./figures/1st_implementation_el_meter.png>]

[90



]

[91]

[92]
\openout2 = `body_matter/chap5.aux'.

 (body_matter/chap5.tex
\textKappa \textepsilon \textphi \acctonos \textalpha \textlambda \textalpha \textiota \textomicron  5.
Package lettrine.sty Info: Targeted height = 21.27205pt
(lettrine.sty)             (for loversize=0, accent excluded),
(lettrine.sty)             Lettrine height = 27.65382pt (\color {gray!80!green!70!black}\scalebox {1.3}{});
(lettrine.sty)             reported on input line 2.

Underfull \hbox (badness 10000) in paragraph at lines 16--17

 []


Underfull \hbox (badness 10000) in paragraph at lines 30--31

 []



[93


]
LaTeX Font Info:    Trying to load font information for LGR+fvm on input line 35.
LaTeX Font Info:    No file LGRfvm.fd. on input line 35.


LaTeX Font Warning: Font shape `LGR/fvm/m/n' undefined
(Font)              using `LGR/cmr/m/n' instead on input line 35.

LaTeX Font Info:    Trying to load font information for T1+fvm on input line 35.
(D:\Programs\tex/latex/bera\t1fvm.fd
File: t1fvm.fd 2004/09/07 scalable font definitions for T1/fvm.
)
LaTeX Font Info:    Font shape `T1/fvm/m/n' will be
(Font)              scaled to size 8.2125pt on input line 35.
)

[94]
\openout2 = `body_matter/chap6.aux'.

 (body_matter/chap6.tex
\textKappa \textepsilon \textphi \acctonos \textalpha \textlambda \textalpha \textiota \textomicron  6.
Package lettrine.sty Info: Targeted height = 21.27205pt
(lettrine.sty)             (for loversize=0, accent excluded),
(lettrine.sty)             Lettrine height = 27.65382pt (\color {gray!80!green!70!black}\scalebox {1.3}{});
(lettrine.sty)             reported on input line 2.
)

[95




]
\openout2 = `body_matter/chap7.aux'.

 (body_matter/chap7.tex

[96




]
\textKappa \textepsilon \textphi \acctonos \textalpha \textlambda \textalpha \textiota \textomicron  7.
)

[97]

[98]
\openout2 = `body_matter/chap8.aux'.

 (body_matter/chap8.tex
\textKappa \textepsilon \textphi \acctonos \textalpha \textlambda \textalpha \textiota \textomicron  8.


[99




]
Package hyperref Info: bookmark level for unknown algorithm defaults to 0 on input line 61.
LaTeX Font Info:    Font shape `LGR/mak/m/it' will be
(Font)              scaled to size 8.99994pt on input line 64.

Overfull \hbox (2.0pt too wide) in paragraph at lines 75--75
[][][][][] 
 []

(D:\Programs\tex/latex/listings\lstlang1.sty
File: lstlang1.sty 2024/09/23 1.10c listings language file
) (D:\Programs\tex/latex/listings\lstmisc.sty
File: lstmisc.sty 2024/09/23 1.10c (Carsten Heinz)
)

LaTeX Font Warning: Font shape `TS1/mak/m/it' undefined
(Font)              using `TS1/mak/m/n' instead
(Font)              for symbol `textasteriskcentered' on input line 87.

Missing character: There is no   in font ek8a!
Missing character: There is no   in font ek8a!
Missing character: There is no   in font ek8a!
Missing character: There is no   in font ek8a!
Missing character: There is no   in font ek8a!
Missing character: There is no   in font ek8a!

Overfull \hbox (2.0pt too wide) in paragraph at lines 106--106
[][][][][] 
 []

)

[100]

[101]

[102



]

[103]

[104]
\openout2 = `body_matter/chap9.aux'.

 (body_matter/chap9.tex
\textKappa \textepsilon \textphi \acctonos \textalpha \textlambda \textalpha \textiota \textomicron  9.


[105


])

[106]

[107



]

[108]
\openout2 = `back_matter/appA.aux'.

 (back_matter/appA.tex
\textPi \textalpha \textrho \acctonos \textalpha \textrho \texttau \texteta \textmu \textalpha  {\greekscript \textAlpha \textnumeralsigngreek }.
)

[109


]

[110]
\openout2 = `back_matter/appB.aux'.

 (back_matter/appB.tex
\textPi \textalpha \textrho \acctonos \textalpha \textrho \texttau \texteta \textmu \textalpha  {\greekscript \textBeta \textnumeralsigngreek }.
<figures/2.png, id=1097, 187.70125pt x 119.44624pt>
File: figures/2.png Graphic file (type png)
<use figures/2.png>
Package pdftex.def Info: figures/2.png  used on input line 25.
(pdftex.def)             Requested size: 187.70079pt x 119.44594pt.


[111




 <./figures/2.png>])

[112]
\openout2 = `back_matter/appC.aux'.

 (back_matter/appC.tex
\textPi \textalpha \textrho \acctonos \textalpha \textrho \texttau \texteta \textmu \textalpha  {\greekscript \textGamma \textnumeralsigngreek }.
)

[113




]
\openout2 = `back_matter/appD.aux'.

 (back_matter/appD.tex

[114




]
\textPi \textalpha \textrho \acctonos \textalpha \textrho \texttau \texteta \textmu \textalpha  {\greekscript \textDelta \textnumeralsigngreek }.
)

[115]
\openout2 = `back_matter/appE.aux'.

 (back_matter/appE.tex

[116




]
\textPi \textalpha \textrho \acctonos \textalpha \textrho \texttau \texteta \textmu \textalpha  {\greekscript \textEpsilon \textnumeralsigngreek }.
<figures/frog.jpg, id=1141, 748.7975pt x 741.77126pt>
File: figures/frog.jpg Graphic file (type jpg)
<use figures/frog.jpg>
Package pdftex.def Info: figures/frog.jpg  used on input line 6.
(pdftex.def)             Requested size: 213.39566pt x 211.39569pt.
)

[117 <./figures/frog.jpg>]

[118



] (main.bbl
Underfull \hbox (badness 10000) in paragraph at lines 70--78
\T1/fvm/m/n/10.95 iot / impact -[] communication -[] technology -[] protocol -[] your -[] iot -[] application % E2 % 80 % 99s -[]
 []



[119

]
Underfull \hbox (badness 10000) in paragraph at lines 103--110
\T1/fvm/m/n/10.95 smartmobility / wp -[] content / uploads / 2022 / 10 / Mobile -[] IOT -[] Deployment -[] Guide -[] October -[]
 []


Underfull \hbox (badness 4582) in paragraph at lines 112--119
\T1/mak/m/n/10.95 Avail-able: [][]$\T1/fvm/m/n/10.95 https : / / lora -[] alliance . org / lora -[] alliance -[] press -[] release / lora -[] alliance -[]
 []


Underfull \hbox (badness 10000) in paragraph at lines 112--119
\T1/fvm/m/n/10.95 issues -[] 2023 -[] annual -[] report -[] highlighting -[] lorawan -[] maturity -[] robust -[] adoption -[] and -[]
 []



[120]

[121]
Underfull \hbox (badness 3579) in paragraph at lines 403--410
[]\T1/mak/m/n/10.95 The Th-ings In-du-stries\LGR/mak/m/n/10.95 .  []\T1/mak/m/it/10.95 Ra-sp-berry Pi Lo-Ra-W-AN Ga-te-w-ay Do-cu-me-nta-tion[]\LGR/mak/m/n/10.95 .
 []


Underfull \hbox (badness 7116) in paragraph at lines 403--410
\T1/mak/m/n/10.95 On-li-ne do-cu-me-nta-tion, The Th-ings In-du-stries\LGR/mak/m/n/10.95 , 2025.  []\T1/mak/m/n/10.95 [On-line]. Avail-
 []



[122])

[123]

[124

] (back_matter/abbreviations.tex)

[125]

[126

] (back_matter/glossary.tex)

[127] LaTeX Warning: (ntua_thesis.cls): The "plain" option has been selected. CD label generation has been disabled.
 
LaTeX Warning: (ntua_thesis.cls): The "plain" option has been selected. CD cover generation has been disabled.
 


[128

] (main.aux (front_matter/abstract.aux) (front_matter/acknowledgements.aux) (body_matter/intro.aux) (body_matter/chap2.aux) (body_matter/chap3.aux) (body_matter/chap4.aux) (body_matter/chap5.aux) (body_matter/chap6.aux) (body_matter/chap7.aux) (body_matter/chap8.aux) (body_matter/chap9.aux) (back_matter/appA.aux) (back_matter/appB.aux) (back_matter/appC.aux) (back_matter/appD.aux) (back_matter/appE.aux))
 ***********
LaTeX2e <2024-11-01> patch level 2
L3 programming layer <2025-04-14>
 ***********


LaTeX Font Warning: Some font shapes were not available, defaults substituted.

 ) 
Here is how much of TeX's memory you used:
 32906 strings out of 469941
 584790 string characters out of 5485294
 1141887 words of memory out of 5000000
 58569 multiletter control sequences out of 15000+600000
 730121 words of font info for 253 fonts, out of 8000000 for 9000
 1142 hyphenation exceptions out of 8191
 99i,18n,107p,2161b,1544s stack positions out of 10000i,1000n,20000p,200000b,200000s

pdfTeX warning (dest): name{Hfootnote.3} has been referenced but does not exist, replaced by a fixed one


pdfTeX warning (dest): name{Hfootnote.2} has been referenced but does not exist, replaced by a fixed one


pdfTeX warning (dest): name{Hfootnote.1} has been referenced but does not exist, replaced by a fixed one

 <C:\Users\Theodore\AppData\Local\MiKTeX\fonts/pk/ljfour/jknappen/ec/dpi600\tcrm0800.pk> <C:\Users\Theodore\AppData\Local\MiKTeX\fonts/pk/ljfour/jknappen/ec/dpi600\tcrm1095.pk><D:/Programs/fonts/type1/public/kerkis/Kerkis-Bold.pfb><D:/Programs/fonts/type1/public/kerkis/Kerkis-Italic.pfb><D:/Programs/fonts/type1/public/kerkis/Kerkis-SmallCaps.pfb><D:/Programs/fonts/type1/public/kerkis/Kerkis.pfb><D:/Programs/fonts/type1/bera/fvmr8a.pfb><D:/Programs/fonts/type1/public/txfonts/rtxr.pfb><D:/Programs/fonts/type1/public/txfonts/txex.pfb><D:/Programs/fonts/type1/public/txfonts/txsy.pfb><D:/Programs/fonts/type1/public/txfonts/txsyb.pfb><D:/Programs/fonts/type1/public/txfonts/txsyc.pfb><D:/Programs/fonts/type1/urw/times/utmr8a.pfb>
Output written on main.pdf (134 pages, 7282235 bytes).
PDF statistics:
 1626 PDF objects out of 1728 (max. 8388607)
 362 named destinations out of 1000 (max. 500000)
 739 words of extra memory for PDF output out of 10000 (max. 10000000)

